<?xml version="1.0" encoding="utf-8"?>
<coverage line-rate="0.7613" branch-rate="0.7890999999999999" version="1.9" timestamp="1765590896" lines-covered="335" lines-valid="440" branches-covered="116" branches-valid="147">
  <sources>
    <source>/Users/igor/univer/akimov_tppl/pascal/PascalInterpreter/</source>
  </sources>
  <packages>
    <package name="PascalInterpreter" line-rate="0.7613" branch-rate="0.7890999999999999" complexity="183">
      <classes>
        <class name="Program" filename="Program.cs" line-rate="0" branch-rate="0" complexity="11">
          <methods>
            <method name="Main" signature="(System.String[])" line-rate="0" branch-rate="0" complexity="4">
              <lines>
                <line number="6" hits="0" branch="False" />
                <line number="7" hits="0" branch="False" />
                <line number="8" hits="0" branch="False" />
                <line number="9" hits="0" branch="False" />
                <line number="10" hits="0" branch="False" />
                <line number="11" hits="0" branch="False" />
                <line number="13" hits="0" branch="False" />
                <line number="15" hits="0" branch="True" condition-coverage="0% (0/4)">
                  <conditions>
                    <condition number="77" type="jump" coverage="0%" />
                    <condition number="90" type="jump" coverage="0%" />
                  </conditions>
                </line>
                <line number="18" hits="0" branch="False" />
                <line number="19" hits="0" branch="False" />
                <line number="21" hits="0" branch="False" />
                <line number="22" hits="0" branch="False" />
                <line number="24" hits="0" branch="False" />
                <line number="25" hits="0" branch="False" />
                <line number="27" hits="0" branch="False" />
              </lines>
            </method>
            <method name="RunBuiltInTests" signature="()" line-rate="0" branch-rate="1" complexity="1">
              <lines>
                <line number="30" hits="0" branch="False" />
                <line number="31" hits="0" branch="False" />
                <line number="32" hits="0" branch="False" />
                <line number="33" hits="0" branch="False" />
                <line number="34" hits="0" branch="False" />
                <line number="35" hits="0" branch="False" />
                <line number="36" hits="0" branch="False" />
                <line number="38" hits="0" branch="False" />
                <line number="39" hits="0" branch="False" />
                <line number="40" hits="0" branch="False" />
                <line number="41" hits="0" branch="False" />
                <line number="42" hits="0" branch="False" />
                <line number="43" hits="0" branch="False" />
                <line number="44" hits="0" branch="False" />
                <line number="45" hits="0" branch="False" />
                <line number="47" hits="0" branch="False" />
                <line number="48" hits="0" branch="False" />
                <line number="49" hits="0" branch="False" />
                <line number="50" hits="0" branch="False" />
                <line number="51" hits="0" branch="False" />
                <line number="52" hits="0" branch="False" />
                <line number="53" hits="0" branch="False" />
                <line number="54" hits="0" branch="False" />
                <line number="55" hits="0" branch="False" />
                <line number="56" hits="0" branch="False" />
                <line number="57" hits="0" branch="False" />
                <line number="58" hits="0" branch="False" />
                <line number="59" hits="0" branch="False" />
                <line number="60" hits="0" branch="False" />
                <line number="61" hits="0" branch="False" />
              </lines>
            </method>
            <method name="RunFromFile" signature="()" line-rate="0" branch-rate="0" complexity="2">
              <lines>
                <line number="64" hits="0" branch="False" />
                <line number="65" hits="0" branch="False" />
                <line number="66" hits="0" branch="False" />
                <line number="68" hits="0" branch="True" condition-coverage="0% (0/2)">
                  <conditions>
                    <condition number="26" type="jump" coverage="0%" />
                  </conditions>
                </line>
                <line number="69" hits="0" branch="False" />
                <line number="70" hits="0" branch="False" />
                <line number="71" hits="0" branch="False" />
                <line number="75" hits="0" branch="False" />
                <line number="76" hits="0" branch="False" />
                <line number="77" hits="0" branch="False" />
                <line number="78" hits="0" branch="False" />
                <line number="79" hits="0" branch="False" />
                <line number="80" hits="0" branch="False" />
                <line number="81" hits="0" branch="False" />
                <line number="82" hits="0" branch="False" />
                <line number="83" hits="0" branch="False" />
                <line number="84" hits="0" branch="False" />
                <line number="85" hits="0" branch="False" />
                <line number="86" hits="0" branch="False" />
                <line number="87" hits="0" branch="False" />
                <line number="88" hits="0" branch="False" />
              </lines>
            </method>
            <method name="RunProgram" signature="(System.String)" line-rate="0" branch-rate="0" complexity="4">
              <lines>
                <line number="91" hits="0" branch="False" />
                <line number="93" hits="0" branch="False" />
                <line number="94" hits="0" branch="False" />
                <line number="95" hits="0" branch="False" />
                <line number="96" hits="0" branch="False" />
                <line number="97" hits="0" branch="False" />
                <line number="99" hits="0" branch="False" />
                <line number="101" hits="0" branch="False" />
                <line number="103" hits="0" branch="True" condition-coverage="0% (0/2)">
                  <conditions>
                    <condition number="59" type="jump" coverage="0%" />
                  </conditions>
                </line>
                <line number="104" hits="0" branch="False" />
                <line number="105" hits="0" branch="False" />
                <line number="106" hits="0" branch="False" />
                <line number="108" hits="0" branch="False" />
                <line number="109" hits="0" branch="False" />
                <line number="110" hits="0" branch="True" condition-coverage="0% (0/2)">
                  <conditions>
                    <condition number="245" type="jump" coverage="0%" />
                  </conditions>
                </line>
                <line number="111" hits="0" branch="False" />
                <line number="112" hits="0" branch="False" />
                <line number="113" hits="0" branch="False" />
                <line number="114" hits="0" branch="False" />
                <line number="115" hits="0" branch="False" />
                <line number="116" hits="0" branch="False" />
                <line number="117" hits="0" branch="False" />
                <line number="118" hits="0" branch="False" />
                <line number="119" hits="0" branch="False" />
                <line number="120" hits="0" branch="False" />
              </lines>
            </method>
          </methods>
          <lines>
            <line number="6" hits="0" branch="False" />
            <line number="7" hits="0" branch="False" />
            <line number="8" hits="0" branch="False" />
            <line number="9" hits="0" branch="False" />
            <line number="10" hits="0" branch="False" />
            <line number="11" hits="0" branch="False" />
            <line number="13" hits="0" branch="False" />
            <line number="15" hits="0" branch="True" condition-coverage="0% (0/4)">
              <conditions>
                <condition number="77" type="jump" coverage="0%" />
                <condition number="90" type="jump" coverage="0%" />
              </conditions>
            </line>
            <line number="18" hits="0" branch="False" />
            <line number="19" hits="0" branch="False" />
            <line number="21" hits="0" branch="False" />
            <line number="22" hits="0" branch="False" />
            <line number="24" hits="0" branch="False" />
            <line number="25" hits="0" branch="False" />
            <line number="27" hits="0" branch="False" />
            <line number="30" hits="0" branch="False" />
            <line number="31" hits="0" branch="False" />
            <line number="32" hits="0" branch="False" />
            <line number="33" hits="0" branch="False" />
            <line number="34" hits="0" branch="False" />
            <line number="35" hits="0" branch="False" />
            <line number="36" hits="0" branch="False" />
            <line number="38" hits="0" branch="False" />
            <line number="39" hits="0" branch="False" />
            <line number="40" hits="0" branch="False" />
            <line number="41" hits="0" branch="False" />
            <line number="42" hits="0" branch="False" />
            <line number="43" hits="0" branch="False" />
            <line number="44" hits="0" branch="False" />
            <line number="45" hits="0" branch="False" />
            <line number="47" hits="0" branch="False" />
            <line number="48" hits="0" branch="False" />
            <line number="49" hits="0" branch="False" />
            <line number="50" hits="0" branch="False" />
            <line number="51" hits="0" branch="False" />
            <line number="52" hits="0" branch="False" />
            <line number="53" hits="0" branch="False" />
            <line number="54" hits="0" branch="False" />
            <line number="55" hits="0" branch="False" />
            <line number="56" hits="0" branch="False" />
            <line number="57" hits="0" branch="False" />
            <line number="58" hits="0" branch="False" />
            <line number="59" hits="0" branch="False" />
            <line number="60" hits="0" branch="False" />
            <line number="61" hits="0" branch="False" />
            <line number="64" hits="0" branch="False" />
            <line number="65" hits="0" branch="False" />
            <line number="66" hits="0" branch="False" />
            <line number="68" hits="0" branch="True" condition-coverage="0% (0/2)">
              <conditions>
                <condition number="26" type="jump" coverage="0%" />
              </conditions>
            </line>
            <line number="69" hits="0" branch="False" />
            <line number="70" hits="0" branch="False" />
            <line number="71" hits="0" branch="False" />
            <line number="75" hits="0" branch="False" />
            <line number="76" hits="0" branch="False" />
            <line number="77" hits="0" branch="False" />
            <line number="78" hits="0" branch="False" />
            <line number="79" hits="0" branch="False" />
            <line number="80" hits="0" branch="False" />
            <line number="81" hits="0" branch="False" />
            <line number="82" hits="0" branch="False" />
            <line number="83" hits="0" branch="False" />
            <line number="84" hits="0" branch="False" />
            <line number="85" hits="0" branch="False" />
            <line number="86" hits="0" branch="False" />
            <line number="87" hits="0" branch="False" />
            <line number="88" hits="0" branch="False" />
            <line number="91" hits="0" branch="False" />
            <line number="93" hits="0" branch="False" />
            <line number="94" hits="0" branch="False" />
            <line number="95" hits="0" branch="False" />
            <line number="96" hits="0" branch="False" />
            <line number="97" hits="0" branch="False" />
            <line number="99" hits="0" branch="False" />
            <line number="101" hits="0" branch="False" />
            <line number="103" hits="0" branch="True" condition-coverage="0% (0/2)">
              <conditions>
                <condition number="59" type="jump" coverage="0%" />
              </conditions>
            </line>
            <line number="104" hits="0" branch="False" />
            <line number="105" hits="0" branch="False" />
            <line number="106" hits="0" branch="False" />
            <line number="108" hits="0" branch="False" />
            <line number="109" hits="0" branch="False" />
            <line number="110" hits="0" branch="True" condition-coverage="0% (0/2)">
              <conditions>
                <condition number="245" type="jump" coverage="0%" />
              </conditions>
            </line>
            <line number="111" hits="0" branch="False" />
            <line number="112" hits="0" branch="False" />
            <line number="113" hits="0" branch="False" />
            <line number="114" hits="0" branch="False" />
            <line number="115" hits="0" branch="False" />
            <line number="116" hits="0" branch="False" />
            <line number="117" hits="0" branch="False" />
            <line number="118" hits="0" branch="False" />
            <line number="119" hits="0" branch="False" />
            <line number="120" hits="0" branch="False" />
          </lines>
        </class>
        <class name="PascalInterpreter.Num" filename="AST.cs" line-rate="0.8571" branch-rate="1" complexity="3">
          <methods>
            <method name="get_Token" signature="()" line-rate="0" branch-rate="1" complexity="1">
              <lines>
                <line number="11" hits="0" branch="False" />
              </lines>
            </method>
            <method name="get_Value" signature="()" line-rate="1" branch-rate="1" complexity="1">
              <lines>
                <line number="12" hits="38" branch="False" />
              </lines>
            </method>
            <method name=".ctor" signature="(PascalInterpreter.Token)" line-rate="1" branch-rate="1" complexity="1">
              <lines>
                <line number="14" hits="39" branch="False" />
                <line number="15" hits="39" branch="False" />
                <line number="16" hits="39" branch="False" />
                <line number="17" hits="39" branch="False" />
                <line number="18" hits="39" branch="False" />
              </lines>
            </method>
          </methods>
          <lines>
            <line number="11" hits="0" branch="False" />
            <line number="12" hits="38" branch="False" />
            <line number="14" hits="39" branch="False" />
            <line number="15" hits="39" branch="False" />
            <line number="16" hits="39" branch="False" />
            <line number="17" hits="39" branch="False" />
            <line number="18" hits="39" branch="False" />
          </lines>
        </class>
        <class name="PascalInterpreter.BinOp" filename="AST.cs" line-rate="1" branch-rate="1" complexity="4">
          <methods>
            <method name="get_Left" signature="()" line-rate="1" branch-rate="1" complexity="1">
              <lines>
                <line number="24" hits="26" branch="False" />
              </lines>
            </method>
            <method name="get_Op" signature="()" line-rate="1" branch-rate="1" complexity="1">
              <lines>
                <line number="25" hits="26" branch="False" />
              </lines>
            </method>
            <method name="get_Right" signature="()" line-rate="1" branch-rate="1" complexity="1">
              <lines>
                <line number="26" hits="25" branch="False" />
              </lines>
            </method>
            <method name=".ctor" signature="(PascalInterpreter.ASTNode,PascalInterpreter.Token,PascalInterpreter.ASTNode)" line-rate="1" branch-rate="1" complexity="1">
              <lines>
                <line number="28" hits="26" branch="False" />
                <line number="29" hits="26" branch="False" />
                <line number="30" hits="26" branch="False" />
                <line number="31" hits="26" branch="False" />
                <line number="32" hits="26" branch="False" />
                <line number="33" hits="26" branch="False" />
              </lines>
            </method>
          </methods>
          <lines>
            <line number="24" hits="26" branch="False" />
            <line number="25" hits="26" branch="False" />
            <line number="26" hits="25" branch="False" />
            <line number="28" hits="26" branch="False" />
            <line number="29" hits="26" branch="False" />
            <line number="30" hits="26" branch="False" />
            <line number="31" hits="26" branch="False" />
            <line number="32" hits="26" branch="False" />
            <line number="33" hits="26" branch="False" />
          </lines>
        </class>
        <class name="PascalInterpreter.UnaryOp" filename="AST.cs" line-rate="1" branch-rate="1" complexity="3">
          <methods>
            <method name="get_Op" signature="()" line-rate="1" branch-rate="1" complexity="1">
              <lines>
                <line number="39" hits="4" branch="False" />
              </lines>
            </method>
            <method name="get_Expr" signature="()" line-rate="1" branch-rate="1" complexity="1">
              <lines>
                <line number="40" hits="4" branch="False" />
              </lines>
            </method>
            <method name=".ctor" signature="(PascalInterpreter.Token,PascalInterpreter.ASTNode)" line-rate="1" branch-rate="1" complexity="1">
              <lines>
                <line number="42" hits="4" branch="False" />
                <line number="43" hits="4" branch="False" />
                <line number="44" hits="4" branch="False" />
                <line number="45" hits="4" branch="False" />
                <line number="46" hits="4" branch="False" />
              </lines>
            </method>
          </methods>
          <lines>
            <line number="39" hits="4" branch="False" />
            <line number="40" hits="4" branch="False" />
            <line number="42" hits="4" branch="False" />
            <line number="43" hits="4" branch="False" />
            <line number="44" hits="4" branch="False" />
            <line number="45" hits="4" branch="False" />
            <line number="46" hits="4" branch="False" />
          </lines>
        </class>
        <class name="PascalInterpreter.Compound" filename="AST.cs" line-rate="1" branch-rate="1" complexity="2">
          <methods>
            <method name="get_Children" signature="()" line-rate="1" branch-rate="1" complexity="1">
              <lines>
                <line number="52" hits="42" branch="False" />
              </lines>
            </method>
            <method name=".ctor" signature="()" line-rate="1" branch-rate="1" complexity="1">
              <lines>
                <line number="54" hits="11" branch="False" />
                <line number="55" hits="11" branch="False" />
                <line number="56" hits="11" branch="False" />
                <line number="57" hits="11" branch="False" />
              </lines>
            </method>
          </methods>
          <lines>
            <line number="52" hits="42" branch="False" />
            <line number="54" hits="11" branch="False" />
            <line number="55" hits="11" branch="False" />
            <line number="56" hits="11" branch="False" />
            <line number="57" hits="11" branch="False" />
          </lines>
        </class>
        <class name="PascalInterpreter.Assign" filename="AST.cs" line-rate="0.8887999999999999" branch-rate="1" complexity="4">
          <methods>
            <method name="get_Left" signature="()" line-rate="1" branch-rate="1" complexity="1">
              <lines>
                <line number="63" hits="24" branch="False" />
              </lines>
            </method>
            <method name="get_Op" signature="()" line-rate="0" branch-rate="1" complexity="1">
              <lines>
                <line number="64" hits="0" branch="False" />
              </lines>
            </method>
            <method name="get_Right" signature="()" line-rate="1" branch-rate="1" complexity="1">
              <lines>
                <line number="65" hits="24" branch="False" />
              </lines>
            </method>
            <method name=".ctor" signature="(PascalInterpreter.Var,PascalInterpreter.Token,PascalInterpreter.ASTNode)" line-rate="1" branch-rate="1" complexity="1">
              <lines>
                <line number="67" hits="24" branch="False" />
                <line number="68" hits="24" branch="False" />
                <line number="69" hits="24" branch="False" />
                <line number="70" hits="24" branch="False" />
                <line number="71" hits="24" branch="False" />
                <line number="72" hits="24" branch="False" />
              </lines>
            </method>
          </methods>
          <lines>
            <line number="63" hits="24" branch="False" />
            <line number="64" hits="0" branch="False" />
            <line number="65" hits="24" branch="False" />
            <line number="67" hits="24" branch="False" />
            <line number="68" hits="24" branch="False" />
            <line number="69" hits="24" branch="False" />
            <line number="70" hits="24" branch="False" />
            <line number="71" hits="24" branch="False" />
            <line number="72" hits="24" branch="False" />
          </lines>
        </class>
        <class name="PascalInterpreter.Var" filename="AST.cs" line-rate="0.8571" branch-rate="1" complexity="3">
          <methods>
            <method name="get_Token" signature="()" line-rate="0" branch-rate="1" complexity="1">
              <lines>
                <line number="78" hits="0" branch="False" />
              </lines>
            </method>
            <method name="get_Value" signature="()" line-rate="1" branch-rate="1" complexity="1">
              <lines>
                <line number="79" hits="35" branch="False" />
              </lines>
            </method>
            <method name=".ctor" signature="(PascalInterpreter.Token)" line-rate="1" branch-rate="1" complexity="1">
              <lines>
                <line number="81" hits="35" branch="False" />
                <line number="82" hits="35" branch="False" />
                <line number="83" hits="35" branch="False" />
                <line number="84" hits="35" branch="False" />
                <line number="85" hits="35" branch="False" />
              </lines>
            </method>
          </methods>
          <lines>
            <line number="78" hits="0" branch="False" />
            <line number="79" hits="35" branch="False" />
            <line number="81" hits="35" branch="False" />
            <line number="82" hits="35" branch="False" />
            <line number="83" hits="35" branch="False" />
            <line number="84" hits="35" branch="False" />
            <line number="85" hits="35" branch="False" />
          </lines>
        </class>
        <class name="PascalInterpreter.Interpreter" filename="Interpreter.cs" line-rate="0.9558" branch-rate="0.8887999999999999" complexity="33">
          <methods>
            <method name="GetVariables" signature="()" line-rate="1" branch-rate="1" complexity="1">
              <lines>
                <line number="15" hits="9" branch="False" />
                <line number="16" hits="9" branch="False" />
                <line number="17" hits="9" branch="False" />
              </lines>
            </method>
            <method name="Visit" signature="(PascalInterpreter.ASTNode)" line-rate="0.9229999999999999" branch-rate="0.9285" complexity="14">
              <lines>
                <line number="20" hits="120" branch="False" />
                <line number="21" hits="120" branch="True" condition-coverage="92.85% (13/14)">
                  <conditions>
                    <condition number="13" type="jump" coverage="100%" />
                    <condition number="23" type="jump" coverage="100%" />
                    <condition number="33" type="jump" coverage="100%" />
                    <condition number="43" type="jump" coverage="100%" />
                    <condition number="55" type="jump" coverage="100%" />
                    <condition number="67" type="jump" coverage="100%" />
                    <condition number="75" type="jump" coverage="50%" />
                  </conditions>
                </line>
                <line number="22" hits="120" branch="False" />
                <line number="23" hits="26" branch="False" />
                <line number="24" hits="38" branch="False" />
                <line number="25" hits="4" branch="False" />
                <line number="26" hits="11" branch="False" />
                <line number="27" hits="24" branch="False" />
                <line number="28" hits="11" branch="False" />
                <line number="29" hits="6" branch="False" />
                <line number="30" hits="0" branch="False" />
                <line number="31" hits="120" branch="False" />
                <line number="32" hits="116" branch="False" />
              </lines>
            </method>
            <method name="VisitBinOp" signature="(PascalInterpreter.BinOp)" line-rate="0.9" branch-rate="0.8" complexity="5">
              <lines>
                <line number="35" hits="26" branch="False" />
                <line number="36" hits="26" branch="True" condition-coverage="80% (4/5)">
                  <conditions>
                    <condition number="20" type="switch" coverage="80%" />
                  </conditions>
                </line>
                <line number="37" hits="26" branch="False" />
                <line number="38" hits="12" branch="False" />
                <line number="39" hits="3" branch="False" />
                <line number="40" hits="6" branch="False" />
                <line number="41" hits="5" branch="False" />
                <line number="42" hits="0" branch="False" />
                <line number="43" hits="26" branch="False" />
                <line number="44" hits="25" branch="False" />
              </lines>
            </method>
            <method name="VisitNum" signature="(PascalInterpreter.Num)" line-rate="1" branch-rate="1" complexity="1">
              <lines>
                <line number="47" hits="38" branch="False" />
                <line number="48" hits="38" branch="False" />
                <line number="49" hits="38" branch="False" />
              </lines>
            </method>
            <method name="VisitUnaryOp" signature="(PascalInterpreter.UnaryOp)" line-rate="0.875" branch-rate="0.75" complexity="4">
              <lines>
                <line number="52" hits="4" branch="False" />
                <line number="53" hits="4" branch="True" condition-coverage="75% (3/4)">
                  <conditions>
                    <condition number="19" type="jump" coverage="100%" />
                    <condition number="25" type="jump" coverage="50%" />
                  </conditions>
                </line>
                <line number="54" hits="4" branch="False" />
                <line number="55" hits="1" branch="False" />
                <line number="56" hits="3" branch="False" />
                <line number="57" hits="0" branch="False" />
                <line number="58" hits="4" branch="False" />
                <line number="59" hits="4" branch="False" />
              </lines>
            </method>
            <method name="VisitCompound" signature="(PascalInterpreter.Compound)" line-rate="1" branch-rate="1" complexity="2">
              <lines>
                <line number="62" hits="11" branch="False" />
                <line number="63" hits="94" branch="True" condition-coverage="100% (2/2)">
                  <conditions>
                    <condition number="41" type="jump" coverage="100%" />
                  </conditions>
                </line>
                <line number="64" hits="31" branch="False" />
                <line number="65" hits="31" branch="False" />
                <line number="66" hits="30" branch="False" />
                <line number="67" hits="10" branch="False" />
                <line number="68" hits="10" branch="False" />
              </lines>
            </method>
            <method name="VisitAssign" signature="(PascalInterpreter.Assign)" line-rate="1" branch-rate="1" complexity="1">
              <lines>
                <line number="71" hits="24" branch="False" />
                <line number="72" hits="24" branch="False" />
                <line number="73" hits="24" branch="False" />
                <line number="74" hits="23" branch="False" />
                <line number="75" hits="23" branch="False" />
                <line number="76" hits="23" branch="False" />
              </lines>
            </method>
            <method name="VisitVar" signature="(PascalInterpreter.Var)" line-rate="1" branch-rate="1" complexity="2">
              <lines>
                <line number="79" hits="11" branch="False" />
                <line number="80" hits="11" branch="False" />
                <line number="81" hits="11" branch="True" condition-coverage="100% (2/2)">
                  <conditions>
                    <condition number="24" type="jump" coverage="100%" />
                  </conditions>
                </line>
                <line number="82" hits="10" branch="False" />
                <line number="83" hits="10" branch="False" />
                <line number="85" hits="1" branch="False" />
                <line number="86" hits="10" branch="False" />
              </lines>
            </method>
            <method name="VisitNoOp" signature="()" line-rate="1" branch-rate="1" complexity="1">
              <lines>
                <line number="89" hits="6" branch="False" />
                <line number="90" hits="6" branch="False" />
                <line number="91" hits="6" branch="False" />
              </lines>
            </method>
            <method name="Interpret" signature="()" line-rate="1" branch-rate="1" complexity="1">
              <lines>
                <line number="94" hits="10" branch="False" />
                <line number="95" hits="10" branch="False" />
                <line number="96" hits="9" branch="False" />
              </lines>
            </method>
            <method name=".ctor" signature="(PascalInterpreter.ASTNode)" line-rate="1" branch-rate="1" complexity="1">
              <lines>
                <line number="8" hits="10" branch="False" />
                <line number="9" hits="10" branch="False" />
                <line number="10" hits="10" branch="False" />
                <line number="11" hits="10" branch="False" />
                <line number="12" hits="10" branch="False" />
              </lines>
            </method>
          </methods>
          <lines>
            <line number="15" hits="9" branch="False" />
            <line number="16" hits="9" branch="False" />
            <line number="17" hits="9" branch="False" />
            <line number="20" hits="120" branch="False" />
            <line number="21" hits="120" branch="True" condition-coverage="92.85% (13/14)">
              <conditions>
                <condition number="13" type="jump" coverage="100%" />
                <condition number="23" type="jump" coverage="100%" />
                <condition number="33" type="jump" coverage="100%" />
                <condition number="43" type="jump" coverage="100%" />
                <condition number="55" type="jump" coverage="100%" />
                <condition number="67" type="jump" coverage="100%" />
                <condition number="75" type="jump" coverage="50%" />
              </conditions>
            </line>
            <line number="22" hits="120" branch="False" />
            <line number="23" hits="26" branch="False" />
            <line number="24" hits="38" branch="False" />
            <line number="25" hits="4" branch="False" />
            <line number="26" hits="11" branch="False" />
            <line number="27" hits="24" branch="False" />
            <line number="28" hits="11" branch="False" />
            <line number="29" hits="6" branch="False" />
            <line number="30" hits="0" branch="False" />
            <line number="31" hits="120" branch="False" />
            <line number="32" hits="116" branch="False" />
            <line number="35" hits="26" branch="False" />
            <line number="36" hits="26" branch="True" condition-coverage="80% (4/5)">
              <conditions>
                <condition number="20" type="switch" coverage="80%" />
              </conditions>
            </line>
            <line number="37" hits="26" branch="False" />
            <line number="38" hits="12" branch="False" />
            <line number="39" hits="3" branch="False" />
            <line number="40" hits="6" branch="False" />
            <line number="41" hits="5" branch="False" />
            <line number="42" hits="0" branch="False" />
            <line number="43" hits="26" branch="False" />
            <line number="44" hits="25" branch="False" />
            <line number="47" hits="38" branch="False" />
            <line number="48" hits="38" branch="False" />
            <line number="49" hits="38" branch="False" />
            <line number="52" hits="4" branch="False" />
            <line number="53" hits="4" branch="True" condition-coverage="75% (3/4)">
              <conditions>
                <condition number="19" type="jump" coverage="100%" />
                <condition number="25" type="jump" coverage="50%" />
              </conditions>
            </line>
            <line number="54" hits="4" branch="False" />
            <line number="55" hits="1" branch="False" />
            <line number="56" hits="3" branch="False" />
            <line number="57" hits="0" branch="False" />
            <line number="58" hits="4" branch="False" />
            <line number="59" hits="4" branch="False" />
            <line number="62" hits="11" branch="False" />
            <line number="63" hits="94" branch="True" condition-coverage="100% (2/2)">
              <conditions>
                <condition number="41" type="jump" coverage="100%" />
              </conditions>
            </line>
            <line number="64" hits="31" branch="False" />
            <line number="65" hits="31" branch="False" />
            <line number="66" hits="30" branch="False" />
            <line number="67" hits="10" branch="False" />
            <line number="68" hits="10" branch="False" />
            <line number="71" hits="24" branch="False" />
            <line number="72" hits="24" branch="False" />
            <line number="73" hits="24" branch="False" />
            <line number="74" hits="23" branch="False" />
            <line number="75" hits="23" branch="False" />
            <line number="76" hits="23" branch="False" />
            <line number="79" hits="11" branch="False" />
            <line number="80" hits="11" branch="False" />
            <line number="81" hits="11" branch="True" condition-coverage="100% (2/2)">
              <conditions>
                <condition number="24" type="jump" coverage="100%" />
              </conditions>
            </line>
            <line number="82" hits="10" branch="False" />
            <line number="83" hits="10" branch="False" />
            <line number="85" hits="1" branch="False" />
            <line number="86" hits="10" branch="False" />
            <line number="89" hits="6" branch="False" />
            <line number="90" hits="6" branch="False" />
            <line number="91" hits="6" branch="False" />
            <line number="94" hits="10" branch="False" />
            <line number="95" hits="10" branch="False" />
            <line number="96" hits="9" branch="False" />
            <line number="8" hits="10" branch="False" />
            <line number="9" hits="10" branch="False" />
            <line number="10" hits="10" branch="False" />
            <line number="11" hits="10" branch="False" />
            <line number="12" hits="10" branch="False" />
          </lines>
        </class>
        <class name="PascalInterpreter.Lexer" filename="Lexer.cs" line-rate="0.9898" branch-rate="0.7837000000000001" complexity="75">
          <methods>
            <method name="Advance" signature="()" line-rate="1" branch-rate="1" complexity="2">
              <lines>
                <line number="23" hits="587" branch="False" />
                <line number="24" hits="587" branch="False" />
                <line number="25" hits="587" branch="True" condition-coverage="100% (2/2)">
                  <conditions>
                    <condition number="33" type="jump" coverage="100%" />
                  </conditions>
                </line>
                <line number="26" hits="587" branch="False" />
              </lines>
            </method>
            <method name="SkipWhitespace" signature="()" line-rate="1" branch-rate="1" complexity="4">
              <lines>
                <line number="29" hits="160" branch="False" />
                <line number="30" hits="456" branch="True" condition-coverage="100% (4/4)">
                  <conditions>
                    <condition number="46" type="jump" coverage="100%" />
                    <condition number="23" type="jump" coverage="100%" />
                  </conditions>
                </line>
                <line number="31" hits="296" branch="False" />
                <line number="32" hits="296" branch="False" />
                <line number="33" hits="296" branch="False" />
                <line number="34" hits="160" branch="False" />
              </lines>
            </method>
            <method name="Integer" signature="()" line-rate="1" branch-rate="0.75" complexity="4">
              <lines>
                <line number="37" hits="39" branch="False" />
                <line number="38" hits="39" branch="False" />
                <line number="39" hits="84" branch="True" condition-coverage="75% (3/4)">
                  <conditions>
                    <condition number="79" type="jump" coverage="100%" />
                    <condition number="56" type="jump" coverage="50%" />
                  </conditions>
                </line>
                <line number="40" hits="45" branch="False" />
                <line number="41" hits="45" branch="False" />
                <line number="42" hits="45" branch="False" />
                <line number="43" hits="45" branch="False" />
                <line number="44" hits="39" branch="False" />
                <line number="45" hits="39" branch="False" />
              </lines>
            </method>
            <method name="Id" signature="()" line-rate="1" branch-rate="0.8" complexity="10">
              <lines>
                <line number="48" hits="57" branch="False" />
                <line number="49" hits="57" branch="False" />
                <line number="50" hits="185" branch="True" condition-coverage="75% (6/8)">
                  <conditions>
                    <condition number="151" type="jump" coverage="100%" />
                    <condition number="56" type="jump" coverage="50%" />
                    <condition number="74" type="jump" coverage="100%" />
                    <condition number="90" type="jump" coverage="50%" />
                  </conditions>
                </line>
                <line number="51" hits="128" branch="False" />
                <line number="52" hits="128" branch="False" />
                <line number="53" hits="128" branch="False" />
                <line number="54" hits="128" branch="False" />
                <line number="56" hits="57" branch="False" />
                <line number="57" hits="57" branch="True" condition-coverage="100% (2/2)">
                  <conditions>
                    <condition number="176" type="jump" coverage="100%" />
                  </conditions>
                </line>
                <line number="58" hits="57" branch="False" />
                <line number="59" hits="57" branch="False" />
                <line number="60" hits="57" branch="False" />
              </lines>
            </method>
            <method name="Peek" signature="()" line-rate="1" branch-rate="0.5" complexity="2">
              <lines>
                <line number="63" hits="24" branch="False" />
                <line number="64" hits="24" branch="False" />
                <line number="65" hits="24" branch="True" condition-coverage="50% (1/2)">
                  <conditions>
                    <condition number="22" type="jump" coverage="50%" />
                  </conditions>
                </line>
                <line number="66" hits="24" branch="False" />
              </lines>
            </method>
            <method name="GetNextToken" signature="()" line-rate="0.9811" branch-rate="0.78" complexity="50">
              <lines>
                <line number="69" hits="200" branch="False" />
                <line number="70" hits="360" branch="True" condition-coverage="100% (2/2)">
                  <conditions>
                    <condition number="1148" type="jump" coverage="100%" />
                  </conditions>
                </line>
                <line number="71" hits="350" branch="False" />
                <line number="72" hits="350" branch="True" condition-coverage="100% (2/2)">
                  <conditions>
                    <condition number="25" type="jump" coverage="100%" />
                  </conditions>
                </line>
                <line number="73" hits="160" branch="False" />
                <line number="74" hits="160" branch="False" />
                <line number="75" hits="160" branch="False" />
                <line number="78" hits="190" branch="True" condition-coverage="100% (2/2)">
                  <conditions>
                    <condition number="58" type="jump" coverage="100%" />
                  </conditions>
                </line>
                <line number="79" hits="39" branch="False" />
                <line number="80" hits="39" branch="False" />
                <line number="83" hits="151" branch="True" condition-coverage="83.33% (5/6)">
                  <conditions>
                    <condition number="100" type="jump" coverage="100%" />
                    <condition number="117" type="jump" coverage="50%" />
                    <condition number="173" type="jump" coverage="100%" />
                  </conditions>
                </line>
                <line number="84" hits="57" branch="False" />
                <line number="85" hits="57" branch="False" />
                <line number="88" hits="94" branch="True" condition-coverage="83.33% (5/6)">
                  <conditions>
                    <condition number="203" type="jump" coverage="50%" />
                    <condition number="254" type="jump" coverage="100%" />
                    <condition number="273" type="jump" coverage="100%" />
                  </conditions>
                </line>
                <line number="89" hits="24" branch="False" />
                <line number="90" hits="24" branch="False" />
                <line number="91" hits="24" branch="False" />
                <line number="92" hits="24" branch="False" />
                <line number="95" hits="70" branch="True" condition-coverage="75% (3/4)">
                  <conditions>
                    <condition number="323" type="jump" coverage="50%" />
                    <condition number="378" type="jump" coverage="100%" />
                  </conditions>
                </line>
                <line number="96" hits="20" branch="False" />
                <line number="97" hits="20" branch="False" />
                <line number="98" hits="20" branch="False" />
                <line number="101" hits="50" branch="True" condition-coverage="75% (3/4)">
                  <conditions>
                    <condition number="421" type="jump" coverage="50%" />
                    <condition number="476" type="jump" coverage="100%" />
                  </conditions>
                </line>
                <line number="102" hits="13" branch="False" />
                <line number="103" hits="13" branch="False" />
                <line number="104" hits="13" branch="False" />
                <line number="107" hits="37" branch="True" condition-coverage="75% (3/4)">
                  <conditions>
                    <condition number="518" type="jump" coverage="50%" />
                    <condition number="573" type="jump" coverage="100%" />
                  </conditions>
                </line>
                <line number="108" hits="6" branch="False" />
                <line number="109" hits="6" branch="False" />
                <line number="110" hits="6" branch="False" />
                <line number="113" hits="31" branch="True" condition-coverage="75% (3/4)">
                  <conditions>
                    <condition number="615" type="jump" coverage="50%" />
                    <condition number="670" type="jump" coverage="100%" />
                  </conditions>
                </line>
                <line number="114" hits="6" branch="False" />
                <line number="115" hits="6" branch="False" />
                <line number="116" hits="6" branch="False" />
                <line number="119" hits="25" branch="True" condition-coverage="75% (3/4)">
                  <conditions>
                    <condition number="712" type="jump" coverage="50%" />
                    <condition number="767" type="jump" coverage="100%" />
                  </conditions>
                </line>
                <line number="120" hits="5" branch="False" />
                <line number="121" hits="5" branch="False" />
                <line number="122" hits="5" branch="False" />
                <line number="125" hits="20" branch="True" condition-coverage="75% (3/4)">
                  <conditions>
                    <condition number="809" type="jump" coverage="50%" />
                    <condition number="864" type="jump" coverage="100%" />
                  </conditions>
                </line>
                <line number="126" hits="5" branch="False" />
                <line number="127" hits="5" branch="False" />
                <line number="128" hits="5" branch="False" />
                <line number="131" hits="15" branch="True" condition-coverage="75% (3/4)">
                  <conditions>
                    <condition number="906" type="jump" coverage="50%" />
                    <condition number="961" type="jump" coverage="100%" />
                  </conditions>
                </line>
                <line number="132" hits="5" branch="False" />
                <line number="133" hits="5" branch="False" />
                <line number="134" hits="5" branch="False" />
                <line number="137" hits="10" branch="True" condition-coverage="50% (2/4)">
                  <conditions>
                    <condition number="1003" type="jump" coverage="50%" />
                    <condition number="1058" type="jump" coverage="50%" />
                  </conditions>
                </line>
                <line number="138" hits="10" branch="False" />
                <line number="139" hits="10" branch="False" />
                <line number="140" hits="10" branch="False" />
                <line number="143" hits="0" branch="False" />
                <line number="146" hits="10" branch="False" />
                <line number="147" hits="200" branch="False" />
              </lines>
            </method>
            <method name=".ctor" signature="(System.String)" line-rate="1" branch-rate="0.5" complexity="2">
              <lines>
                <line number="15" hits="10" branch="False" />
                <line number="16" hits="10" branch="False" />
                <line number="17" hits="10" branch="False" />
                <line number="18" hits="10" branch="False" />
                <line number="19" hits="10" branch="True" condition-coverage="50% (1/2)">
                  <conditions>
                    <condition number="35" type="jump" coverage="50%" />
                  </conditions>
                </line>
                <line number="20" hits="10" branch="False" />
              </lines>
            </method>
            <method name=".cctor" signature="()" line-rate="1" branch-rate="1" complexity="1">
              <lines>
                <line number="9" hits="1" branch="False" />
                <line number="10" hits="1" branch="False" />
                <line number="11" hits="1" branch="False" />
                <line number="12" hits="1" branch="False" />
                <line number="13" hits="1" branch="False" />
              </lines>
            </method>
          </methods>
          <lines>
            <line number="23" hits="587" branch="False" />
            <line number="24" hits="587" branch="False" />
            <line number="25" hits="587" branch="True" condition-coverage="100% (2/2)">
              <conditions>
                <condition number="33" type="jump" coverage="100%" />
              </conditions>
            </line>
            <line number="26" hits="587" branch="False" />
            <line number="29" hits="160" branch="False" />
            <line number="30" hits="456" branch="True" condition-coverage="100% (4/4)">
              <conditions>
                <condition number="46" type="jump" coverage="100%" />
                <condition number="23" type="jump" coverage="100%" />
              </conditions>
            </line>
            <line number="31" hits="296" branch="False" />
            <line number="32" hits="296" branch="False" />
            <line number="33" hits="296" branch="False" />
            <line number="34" hits="160" branch="False" />
            <line number="37" hits="39" branch="False" />
            <line number="38" hits="39" branch="False" />
            <line number="39" hits="84" branch="True" condition-coverage="75% (3/4)">
              <conditions>
                <condition number="79" type="jump" coverage="100%" />
                <condition number="56" type="jump" coverage="50%" />
              </conditions>
            </line>
            <line number="40" hits="45" branch="False" />
            <line number="41" hits="45" branch="False" />
            <line number="42" hits="45" branch="False" />
            <line number="43" hits="45" branch="False" />
            <line number="44" hits="39" branch="False" />
            <line number="45" hits="39" branch="False" />
            <line number="48" hits="57" branch="False" />
            <line number="49" hits="57" branch="False" />
            <line number="50" hits="185" branch="True" condition-coverage="75% (6/8)">
              <conditions>
                <condition number="151" type="jump" coverage="100%" />
                <condition number="56" type="jump" coverage="50%" />
                <condition number="74" type="jump" coverage="100%" />
                <condition number="90" type="jump" coverage="50%" />
              </conditions>
            </line>
            <line number="51" hits="128" branch="False" />
            <line number="52" hits="128" branch="False" />
            <line number="53" hits="128" branch="False" />
            <line number="54" hits="128" branch="False" />
            <line number="56" hits="57" branch="False" />
            <line number="57" hits="57" branch="True" condition-coverage="100% (2/2)">
              <conditions>
                <condition number="176" type="jump" coverage="100%" />
              </conditions>
            </line>
            <line number="58" hits="57" branch="False" />
            <line number="59" hits="57" branch="False" />
            <line number="60" hits="57" branch="False" />
            <line number="63" hits="24" branch="False" />
            <line number="64" hits="24" branch="False" />
            <line number="65" hits="24" branch="True" condition-coverage="50% (1/2)">
              <conditions>
                <condition number="22" type="jump" coverage="50%" />
              </conditions>
            </line>
            <line number="66" hits="24" branch="False" />
            <line number="69" hits="200" branch="False" />
            <line number="70" hits="360" branch="True" condition-coverage="100% (2/2)">
              <conditions>
                <condition number="1148" type="jump" coverage="100%" />
              </conditions>
            </line>
            <line number="71" hits="350" branch="False" />
            <line number="72" hits="350" branch="True" condition-coverage="100% (2/2)">
              <conditions>
                <condition number="25" type="jump" coverage="100%" />
              </conditions>
            </line>
            <line number="73" hits="160" branch="False" />
            <line number="74" hits="160" branch="False" />
            <line number="75" hits="160" branch="False" />
            <line number="78" hits="190" branch="True" condition-coverage="100% (2/2)">
              <conditions>
                <condition number="58" type="jump" coverage="100%" />
              </conditions>
            </line>
            <line number="79" hits="39" branch="False" />
            <line number="80" hits="39" branch="False" />
            <line number="83" hits="151" branch="True" condition-coverage="83.33% (5/6)">
              <conditions>
                <condition number="100" type="jump" coverage="100%" />
                <condition number="117" type="jump" coverage="50%" />
                <condition number="173" type="jump" coverage="100%" />
              </conditions>
            </line>
            <line number="84" hits="57" branch="False" />
            <line number="85" hits="57" branch="False" />
            <line number="88" hits="94" branch="True" condition-coverage="83.33% (5/6)">
              <conditions>
                <condition number="203" type="jump" coverage="50%" />
                <condition number="254" type="jump" coverage="100%" />
                <condition number="273" type="jump" coverage="100%" />
              </conditions>
            </line>
            <line number="89" hits="24" branch="False" />
            <line number="90" hits="24" branch="False" />
            <line number="91" hits="24" branch="False" />
            <line number="92" hits="24" branch="False" />
            <line number="95" hits="70" branch="True" condition-coverage="75% (3/4)">
              <conditions>
                <condition number="323" type="jump" coverage="50%" />
                <condition number="378" type="jump" coverage="100%" />
              </conditions>
            </line>
            <line number="96" hits="20" branch="False" />
            <line number="97" hits="20" branch="False" />
            <line number="98" hits="20" branch="False" />
            <line number="101" hits="50" branch="True" condition-coverage="75% (3/4)">
              <conditions>
                <condition number="421" type="jump" coverage="50%" />
                <condition number="476" type="jump" coverage="100%" />
              </conditions>
            </line>
            <line number="102" hits="13" branch="False" />
            <line number="103" hits="13" branch="False" />
            <line number="104" hits="13" branch="False" />
            <line number="107" hits="37" branch="True" condition-coverage="75% (3/4)">
              <conditions>
                <condition number="518" type="jump" coverage="50%" />
                <condition number="573" type="jump" coverage="100%" />
              </conditions>
            </line>
            <line number="108" hits="6" branch="False" />
            <line number="109" hits="6" branch="False" />
            <line number="110" hits="6" branch="False" />
            <line number="113" hits="31" branch="True" condition-coverage="75% (3/4)">
              <conditions>
                <condition number="615" type="jump" coverage="50%" />
                <condition number="670" type="jump" coverage="100%" />
              </conditions>
            </line>
            <line number="114" hits="6" branch="False" />
            <line number="115" hits="6" branch="False" />
            <line number="116" hits="6" branch="False" />
            <line number="119" hits="25" branch="True" condition-coverage="75% (3/4)">
              <conditions>
                <condition number="712" type="jump" coverage="50%" />
                <condition number="767" type="jump" coverage="100%" />
              </conditions>
            </line>
            <line number="120" hits="5" branch="False" />
            <line number="121" hits="5" branch="False" />
            <line number="122" hits="5" branch="False" />
            <line number="125" hits="20" branch="True" condition-coverage="75% (3/4)">
              <conditions>
                <condition number="809" type="jump" coverage="50%" />
                <condition number="864" type="jump" coverage="100%" />
              </conditions>
            </line>
            <line number="126" hits="5" branch="False" />
            <line number="127" hits="5" branch="False" />
            <line number="128" hits="5" branch="False" />
            <line number="131" hits="15" branch="True" condition-coverage="75% (3/4)">
              <conditions>
                <condition number="906" type="jump" coverage="50%" />
                <condition number="961" type="jump" coverage="100%" />
              </conditions>
            </line>
            <line number="132" hits="5" branch="False" />
            <line number="133" hits="5" branch="False" />
            <line number="134" hits="5" branch="False" />
            <line number="137" hits="10" branch="True" condition-coverage="50% (2/4)">
              <conditions>
                <condition number="1003" type="jump" coverage="50%" />
                <condition number="1058" type="jump" coverage="50%" />
              </conditions>
            </line>
            <line number="138" hits="10" branch="False" />
            <line number="139" hits="10" branch="False" />
            <line number="140" hits="10" branch="False" />
            <line number="143" hits="0" branch="False" />
            <line number="146" hits="10" branch="False" />
            <line number="147" hits="200" branch="False" />
            <line number="15" hits="10" branch="False" />
            <line number="16" hits="10" branch="False" />
            <line number="17" hits="10" branch="False" />
            <line number="18" hits="10" branch="False" />
            <line number="19" hits="10" branch="True" condition-coverage="50% (1/2)">
              <conditions>
                <condition number="35" type="jump" coverage="50%" />
              </conditions>
            </line>
            <line number="20" hits="10" branch="False" />
            <line number="9" hits="1" branch="False" />
            <line number="10" hits="1" branch="False" />
            <line number="11" hits="1" branch="False" />
            <line number="12" hits="1" branch="False" />
            <line number="13" hits="1" branch="False" />
          </lines>
        </class>
        <class name="PascalInterpreter.Parser" filename="Parser.cs" line-rate="0.9687" branch-rate="0.9444" complexity="41">
          <methods>
            <method name="Eat" signature="(PascalInterpreter.TokenType)" line-rate="0.75" branch-rate="0.5" complexity="2">
              <lines>
                <line number="15" hits="190" branch="False" />
                <line number="16" hits="190" branch="True" condition-coverage="50% (1/2)">
                  <conditions>
                    <condition number="17" type="jump" coverage="50%" />
                  </conditions>
                </line>
                <line number="17" hits="190" branch="False" />
                <line number="18" hits="190" branch="False" />
                <line number="19" hits="190" branch="False" />
                <line number="21" hits="0" branch="False" />
                <line number="22" hits="0" branch="False" />
                <line number="24" hits="190" branch="False" />
              </lines>
            </method>
            <method name="Program" signature="()" line-rate="1" branch-rate="1" complexity="1">
              <lines>
                <line number="28" hits="10" branch="False" />
                <line number="29" hits="10" branch="False" />
                <line number="30" hits="10" branch="False" />
                <line number="31" hits="10" branch="False" />
                <line number="32" hits="10" branch="False" />
              </lines>
            </method>
            <method name="CompoundStatement" signature="()" line-rate="1" branch-rate="1" complexity="2">
              <lines>
                <line number="36" hits="11" branch="False" />
                <line number="37" hits="11" branch="False" />
                <line number="38" hits="11" branch="False" />
                <line number="39" hits="11" branch="False" />
                <line number="41" hits="11" branch="False" />
                <line number="42" hits="95" branch="True" condition-coverage="100% (2/2)">
                  <conditions>
                    <condition number="70" type="jump" coverage="100%" />
                  </conditions>
                </line>
                <line number="43" hits="31" branch="False" />
                <line number="44" hits="31" branch="False" />
                <line number="45" hits="31" branch="False" />
                <line number="47" hits="11" branch="False" />
                <line number="48" hits="11" branch="False" />
              </lines>
            </method>
            <method name="StatementList" signature="()" line-rate="1" branch-rate="1" complexity="2">
              <lines>
                <line number="52" hits="11" branch="False" />
                <line number="53" hits="11" branch="False" />
                <line number="54" hits="11" branch="False" />
                <line number="56" hits="31" branch="True" condition-coverage="100% (2/2)">
                  <conditions>
                    <condition number="65" type="jump" coverage="100%" />
                  </conditions>
                </line>
                <line number="57" hits="20" branch="False" />
                <line number="58" hits="20" branch="False" />
                <line number="59" hits="20" branch="False" />
                <line number="60" hits="20" branch="False" />
                <line number="62" hits="11" branch="False" />
                <line number="63" hits="11" branch="False" />
              </lines>
            </method>
            <method name="Statement" signature="()" line-rate="1" branch-rate="1" complexity="4">
              <lines>
                <line number="67" hits="31" branch="False" />
                <line number="68" hits="31" branch="True" condition-coverage="100% (2/2)">
                  <conditions>
                    <condition number="17" type="jump" coverage="100%" />
                  </conditions>
                </line>
                <line number="69" hits="1" branch="False" />
                <line number="70" hits="1" branch="False" />
                <line number="72" hits="30" branch="True" condition-coverage="100% (2/2)">
                  <conditions>
                    <condition number="46" type="jump" coverage="100%" />
                  </conditions>
                </line>
                <line number="73" hits="24" branch="False" />
                <line number="74" hits="24" branch="False" />
                <line number="77" hits="6" branch="False" />
                <line number="78" hits="6" branch="False" />
                <line number="80" hits="31" branch="False" />
              </lines>
            </method>
            <method name="AssignmentStatement" signature="()" line-rate="1" branch-rate="1" complexity="1">
              <lines>
                <line number="84" hits="24" branch="False" />
                <line number="85" hits="24" branch="False" />
                <line number="86" hits="24" branch="False" />
                <line number="87" hits="24" branch="False" />
                <line number="88" hits="24" branch="False" />
                <line number="89" hits="24" branch="False" />
                <line number="90" hits="24" branch="False" />
              </lines>
            </method>
            <method name="Variable" signature="()" line-rate="1" branch-rate="1" complexity="1">
              <lines>
                <line number="94" hits="35" branch="False" />
                <line number="95" hits="35" branch="False" />
                <line number="96" hits="35" branch="False" />
                <line number="97" hits="35" branch="False" />
                <line number="98" hits="35" branch="False" />
              </lines>
            </method>
            <method name="Empty" signature="()" line-rate="1" branch-rate="1" complexity="1">
              <lines>
                <line number="102" hits="6" branch="False" />
                <line number="103" hits="6" branch="False" />
                <line number="104" hits="6" branch="False" />
              </lines>
            </method>
            <method name="Expr" signature="()" line-rate="1" branch-rate="1" complexity="8">
              <lines>
                <line number="108" hits="29" branch="False" />
                <line number="109" hits="29" branch="False" />
                <line number="111" hits="44" branch="True" condition-coverage="100% (4/4)">
                  <conditions>
                    <condition number="116" type="jump" coverage="100%" />
                    <condition number="93" type="jump" coverage="100%" />
                  </conditions>
                </line>
                <line number="112" hits="15" branch="False" />
                <line number="113" hits="15" branch="False" />
                <line number="114" hits="15" branch="True" condition-coverage="100% (2/2)">
                  <conditions>
                    <condition number="29" type="jump" coverage="100%" />
                  </conditions>
                </line>
                <line number="115" hits="12" branch="False" />
                <line number="116" hits="12" branch="False" />
                <line number="117" hits="12" branch="False" />
                <line number="118" hits="3" branch="True" condition-coverage="100% (2/2)">
                  <conditions>
                    <condition number="54" type="jump" coverage="100%" />
                  </conditions>
                </line>
                <line number="119" hits="3" branch="False" />
                <line number="120" hits="3" branch="False" />
                <line number="121" hits="3" branch="False" />
                <line number="123" hits="15" branch="False" />
                <line number="124" hits="15" branch="False" />
                <line number="126" hits="29" branch="False" />
                <line number="127" hits="29" branch="False" />
              </lines>
            </method>
            <method name="Term" signature="()" line-rate="1" branch-rate="1" complexity="8">
              <lines>
                <line number="131" hits="44" branch="False" />
                <line number="132" hits="44" branch="False" />
                <line number="134" hits="55" branch="True" condition-coverage="100% (4/4)">
                  <conditions>
                    <condition number="116" type="jump" coverage="100%" />
                    <condition number="93" type="jump" coverage="100%" />
                  </conditions>
                </line>
                <line number="135" hits="11" branch="False" />
                <line number="136" hits="11" branch="False" />
                <line number="137" hits="11" branch="True" condition-coverage="100% (2/2)">
                  <conditions>
                    <condition number="29" type="jump" coverage="100%" />
                  </conditions>
                </line>
                <line number="138" hits="6" branch="False" />
                <line number="139" hits="6" branch="False" />
                <line number="140" hits="6" branch="False" />
                <line number="141" hits="5" branch="True" condition-coverage="100% (2/2)">
                  <conditions>
                    <condition number="54" type="jump" coverage="100%" />
                  </conditions>
                </line>
                <line number="142" hits="5" branch="False" />
                <line number="143" hits="5" branch="False" />
                <line number="144" hits="5" branch="False" />
                <line number="146" hits="11" branch="False" />
                <line number="147" hits="11" branch="False" />
                <line number="149" hits="44" branch="False" />
                <line number="150" hits="44" branch="False" />
              </lines>
            </method>
            <method name="Factor" signature="()" line-rate="1" branch-rate="1" complexity="8">
              <lines>
                <line number="154" hits="59" branch="False" />
                <line number="155" hits="59" branch="False" />
                <line number="157" hits="59" branch="True" condition-coverage="100% (2/2)">
                  <conditions>
                    <condition number="19" type="jump" coverage="100%" />
                  </conditions>
                </line>
                <line number="158" hits="1" branch="False" />
                <line number="159" hits="1" branch="False" />
                <line number="160" hits="1" branch="False" />
                <line number="162" hits="58" branch="True" condition-coverage="100% (2/2)">
                  <conditions>
                    <condition number="56" type="jump" coverage="100%" />
                  </conditions>
                </line>
                <line number="163" hits="3" branch="False" />
                <line number="164" hits="3" branch="False" />
                <line number="165" hits="3" branch="False" />
                <line number="167" hits="55" branch="True" condition-coverage="100% (2/2)">
                  <conditions>
                    <condition number="95" type="jump" coverage="100%" />
                  </conditions>
                </line>
                <line number="168" hits="39" branch="False" />
                <line number="169" hits="39" branch="False" />
                <line number="170" hits="39" branch="False" />
                <line number="172" hits="16" branch="True" condition-coverage="100% (2/2)">
                  <conditions>
                    <condition number="128" type="jump" coverage="100%" />
                  </conditions>
                </line>
                <line number="173" hits="5" branch="False" />
                <line number="174" hits="5" branch="False" />
                <line number="175" hits="5" branch="False" />
                <line number="176" hits="5" branch="False" />
                <line number="177" hits="5" branch="False" />
                <line number="180" hits="11" branch="False" />
                <line number="181" hits="11" branch="False" />
                <line number="183" hits="59" branch="False" />
              </lines>
            </method>
            <method name="Parse" signature="()" line-rate="0.7142000000000001" branch-rate="0.5" complexity="2">
              <lines>
                <line number="186" hits="10" branch="False" />
                <line number="187" hits="10" branch="False" />
                <line number="188" hits="10" branch="True" condition-coverage="50% (1/2)">
                  <conditions>
                    <condition number="28" type="jump" coverage="50%" />
                  </conditions>
                </line>
                <line number="189" hits="0" branch="False" />
                <line number="190" hits="0" branch="False" />
                <line number="192" hits="10" branch="False" />
                <line number="193" hits="10" branch="False" />
              </lines>
            </method>
            <method name=".ctor" signature="(PascalInterpreter.Lexer)" line-rate="1" branch-rate="1" complexity="1">
              <lines>
                <line number="8" hits="10" branch="False" />
                <line number="9" hits="10" branch="False" />
                <line number="10" hits="10" branch="False" />
                <line number="11" hits="10" branch="False" />
                <line number="12" hits="10" branch="False" />
              </lines>
            </method>
          </methods>
          <lines>
            <line number="15" hits="190" branch="False" />
            <line number="16" hits="190" branch="True" condition-coverage="50% (1/2)">
              <conditions>
                <condition number="17" type="jump" coverage="50%" />
              </conditions>
            </line>
            <line number="17" hits="190" branch="False" />
            <line number="18" hits="190" branch="False" />
            <line number="19" hits="190" branch="False" />
            <line number="21" hits="0" branch="False" />
            <line number="22" hits="0" branch="False" />
            <line number="24" hits="190" branch="False" />
            <line number="28" hits="10" branch="False" />
            <line number="29" hits="10" branch="False" />
            <line number="30" hits="10" branch="False" />
            <line number="31" hits="10" branch="False" />
            <line number="32" hits="10" branch="False" />
            <line number="36" hits="11" branch="False" />
            <line number="37" hits="11" branch="False" />
            <line number="38" hits="11" branch="False" />
            <line number="39" hits="11" branch="False" />
            <line number="41" hits="11" branch="False" />
            <line number="42" hits="95" branch="True" condition-coverage="100% (2/2)">
              <conditions>
                <condition number="70" type="jump" coverage="100%" />
              </conditions>
            </line>
            <line number="43" hits="31" branch="False" />
            <line number="44" hits="31" branch="False" />
            <line number="45" hits="31" branch="False" />
            <line number="47" hits="11" branch="False" />
            <line number="48" hits="11" branch="False" />
            <line number="52" hits="11" branch="False" />
            <line number="53" hits="11" branch="False" />
            <line number="54" hits="11" branch="False" />
            <line number="56" hits="31" branch="True" condition-coverage="100% (2/2)">
              <conditions>
                <condition number="65" type="jump" coverage="100%" />
              </conditions>
            </line>
            <line number="57" hits="20" branch="False" />
            <line number="58" hits="20" branch="False" />
            <line number="59" hits="20" branch="False" />
            <line number="60" hits="20" branch="False" />
            <line number="62" hits="11" branch="False" />
            <line number="63" hits="11" branch="False" />
            <line number="67" hits="31" branch="False" />
            <line number="68" hits="31" branch="True" condition-coverage="100% (2/2)">
              <conditions>
                <condition number="17" type="jump" coverage="100%" />
              </conditions>
            </line>
            <line number="69" hits="1" branch="False" />
            <line number="70" hits="1" branch="False" />
            <line number="72" hits="30" branch="True" condition-coverage="100% (2/2)">
              <conditions>
                <condition number="46" type="jump" coverage="100%" />
              </conditions>
            </line>
            <line number="73" hits="24" branch="False" />
            <line number="74" hits="24" branch="False" />
            <line number="77" hits="6" branch="False" />
            <line number="78" hits="6" branch="False" />
            <line number="80" hits="31" branch="False" />
            <line number="84" hits="24" branch="False" />
            <line number="85" hits="24" branch="False" />
            <line number="86" hits="24" branch="False" />
            <line number="87" hits="24" branch="False" />
            <line number="88" hits="24" branch="False" />
            <line number="89" hits="24" branch="False" />
            <line number="90" hits="24" branch="False" />
            <line number="94" hits="35" branch="False" />
            <line number="95" hits="35" branch="False" />
            <line number="96" hits="35" branch="False" />
            <line number="97" hits="35" branch="False" />
            <line number="98" hits="35" branch="False" />
            <line number="102" hits="6" branch="False" />
            <line number="103" hits="6" branch="False" />
            <line number="104" hits="6" branch="False" />
            <line number="108" hits="29" branch="False" />
            <line number="109" hits="29" branch="False" />
            <line number="111" hits="44" branch="True" condition-coverage="100% (4/4)">
              <conditions>
                <condition number="116" type="jump" coverage="100%" />
                <condition number="93" type="jump" coverage="100%" />
              </conditions>
            </line>
            <line number="112" hits="15" branch="False" />
            <line number="113" hits="15" branch="False" />
            <line number="114" hits="15" branch="True" condition-coverage="100% (2/2)">
              <conditions>
                <condition number="29" type="jump" coverage="100%" />
              </conditions>
            </line>
            <line number="115" hits="12" branch="False" />
            <line number="116" hits="12" branch="False" />
            <line number="117" hits="12" branch="False" />
            <line number="118" hits="3" branch="True" condition-coverage="100% (2/2)">
              <conditions>
                <condition number="54" type="jump" coverage="100%" />
              </conditions>
            </line>
            <line number="119" hits="3" branch="False" />
            <line number="120" hits="3" branch="False" />
            <line number="121" hits="3" branch="False" />
            <line number="123" hits="15" branch="False" />
            <line number="124" hits="15" branch="False" />
            <line number="126" hits="29" branch="False" />
            <line number="127" hits="29" branch="False" />
            <line number="131" hits="44" branch="False" />
            <line number="132" hits="44" branch="False" />
            <line number="134" hits="55" branch="True" condition-coverage="100% (4/4)">
              <conditions>
                <condition number="116" type="jump" coverage="100%" />
                <condition number="93" type="jump" coverage="100%" />
              </conditions>
            </line>
            <line number="135" hits="11" branch="False" />
            <line number="136" hits="11" branch="False" />
            <line number="137" hits="11" branch="True" condition-coverage="100% (2/2)">
              <conditions>
                <condition number="29" type="jump" coverage="100%" />
              </conditions>
            </line>
            <line number="138" hits="6" branch="False" />
            <line number="139" hits="6" branch="False" />
            <line number="140" hits="6" branch="False" />
            <line number="141" hits="5" branch="True" condition-coverage="100% (2/2)">
              <conditions>
                <condition number="54" type="jump" coverage="100%" />
              </conditions>
            </line>
            <line number="142" hits="5" branch="False" />
            <line number="143" hits="5" branch="False" />
            <line number="144" hits="5" branch="False" />
            <line number="146" hits="11" branch="False" />
            <line number="147" hits="11" branch="False" />
            <line number="149" hits="44" branch="False" />
            <line number="150" hits="44" branch="False" />
            <line number="154" hits="59" branch="False" />
            <line number="155" hits="59" branch="False" />
            <line number="157" hits="59" branch="True" condition-coverage="100% (2/2)">
              <conditions>
                <condition number="19" type="jump" coverage="100%" />
              </conditions>
            </line>
            <line number="158" hits="1" branch="False" />
            <line number="159" hits="1" branch="False" />
            <line number="160" hits="1" branch="False" />
            <line number="162" hits="58" branch="True" condition-coverage="100% (2/2)">
              <conditions>
                <condition number="56" type="jump" coverage="100%" />
              </conditions>
            </line>
            <line number="163" hits="3" branch="False" />
            <line number="164" hits="3" branch="False" />
            <line number="165" hits="3" branch="False" />
            <line number="167" hits="55" branch="True" condition-coverage="100% (2/2)">
              <conditions>
                <condition number="95" type="jump" coverage="100%" />
              </conditions>
            </line>
            <line number="168" hits="39" branch="False" />
            <line number="169" hits="39" branch="False" />
            <line number="170" hits="39" branch="False" />
            <line number="172" hits="16" branch="True" condition-coverage="100% (2/2)">
              <conditions>
                <condition number="128" type="jump" coverage="100%" />
              </conditions>
            </line>
            <line number="173" hits="5" branch="False" />
            <line number="174" hits="5" branch="False" />
            <line number="175" hits="5" branch="False" />
            <line number="176" hits="5" branch="False" />
            <line number="177" hits="5" branch="False" />
            <line number="180" hits="11" branch="False" />
            <line number="181" hits="11" branch="False" />
            <line number="183" hits="59" branch="False" />
            <line number="186" hits="10" branch="False" />
            <line number="187" hits="10" branch="False" />
            <line number="188" hits="10" branch="True" condition-coverage="50% (1/2)">
              <conditions>
                <condition number="28" type="jump" coverage="50%" />
              </conditions>
            </line>
            <line number="189" hits="0" branch="False" />
            <line number="190" hits="0" branch="False" />
            <line number="192" hits="10" branch="False" />
            <line number="193" hits="10" branch="False" />
            <line number="8" hits="10" branch="False" />
            <line number="9" hits="10" branch="False" />
            <line number="10" hits="10" branch="False" />
            <line number="11" hits="10" branch="False" />
            <line number="12" hits="10" branch="False" />
          </lines>
        </class>
        <class name="PascalInterpreter.Token" filename="Token.cs" line-rate="0.7" branch-rate="1" complexity="4">
          <methods>
            <method name="get_Type" signature="()" line-rate="1" branch-rate="1" complexity="1">
              <lines>
                <line number="23" hits="724" branch="False" />
              </lines>
            </method>
            <method name="get_Value" signature="()" line-rate="1" branch-rate="1" complexity="1">
              <lines>
                <line number="24" hits="74" branch="False" />
              </lines>
            </method>
            <method name="ToString" signature="()" line-rate="0" branch-rate="1" complexity="1">
              <lines>
                <line number="33" hits="0" branch="False" />
                <line number="34" hits="0" branch="False" />
                <line number="35" hits="0" branch="False" />
              </lines>
            </method>
            <method name=".ctor" signature="(PascalInterpreter.TokenType,System.Object)" line-rate="1" branch-rate="1" complexity="1">
              <lines>
                <line number="26" hits="180" branch="False" />
                <line number="27" hits="180" branch="False" />
                <line number="28" hits="180" branch="False" />
                <line number="29" hits="180" branch="False" />
                <line number="30" hits="180" branch="False" />
              </lines>
            </method>
          </methods>
          <lines>
            <line number="23" hits="724" branch="False" />
            <line number="24" hits="74" branch="False" />
            <line number="33" hits="0" branch="False" />
            <line number="34" hits="0" branch="False" />
            <line number="35" hits="0" branch="False" />
            <line number="26" hits="180" branch="False" />
            <line number="27" hits="180" branch="False" />
            <line number="28" hits="180" branch="False" />
            <line number="29" hits="180" branch="False" />
            <line number="30" hits="180" branch="False" />
          </lines>
        </class>
      </classes>
    </package>
  </packages>
</coverage>