<?xml version="1.0" encoding="utf-8"?>
<coverage line-rate="0.9914000000000001" branch-rate="0.8759" version="1.9" timestamp="1765847912" lines-covered="346" lines-valid="349" branches-covered="120" branches-valid="137">
  <sources>
    <source>/Users/igor/univer/akimov_tppl/pascal/PascalInterpreter/</source>
  </sources>
  <packages>
    <package name="PascalInterpreter" line-rate="0.9914000000000001" branch-rate="0.8759" complexity="172">
      <classes>
        <class name="PascalInterpreter.Num" filename="AST.cs" line-rate="1" branch-rate="1" complexity="3">
          <methods>
            <method name="get_Token" signature="()" line-rate="1" branch-rate="1" complexity="1">
              <lines>
                <line number="11" hits="1" branch="False" />
              </lines>
            </method>
            <method name="get_Value" signature="()" line-rate="1" branch-rate="1" complexity="1">
              <lines>
                <line number="12" hits="64" branch="False" />
              </lines>
            </method>
            <method name=".ctor" signature="(PascalInterpreter.Token)" line-rate="1" branch-rate="1" complexity="1">
              <lines>
                <line number="14" hits="74" branch="False" />
                <line number="15" hits="74" branch="False" />
                <line number="16" hits="74" branch="False" />
                <line number="17" hits="74" branch="False" />
                <line number="18" hits="74" branch="False" />
              </lines>
            </method>
          </methods>
          <lines>
            <line number="11" hits="1" branch="False" />
            <line number="12" hits="64" branch="False" />
            <line number="14" hits="74" branch="False" />
            <line number="15" hits="74" branch="False" />
            <line number="16" hits="74" branch="False" />
            <line number="17" hits="74" branch="False" />
            <line number="18" hits="74" branch="False" />
          </lines>
        </class>
        <class name="PascalInterpreter.BinOp" filename="AST.cs" line-rate="1" branch-rate="1" complexity="4">
          <methods>
            <method name="get_Left" signature="()" line-rate="1" branch-rate="1" complexity="1">
              <lines>
                <line number="24" hits="34" branch="False" />
              </lines>
            </method>
            <method name="get_Op" signature="()" line-rate="1" branch-rate="1" complexity="1">
              <lines>
                <line number="25" hits="34" branch="False" />
              </lines>
            </method>
            <method name="get_Right" signature="()" line-rate="1" branch-rate="1" complexity="1">
              <lines>
                <line number="26" hits="33" branch="False" />
              </lines>
            </method>
            <method name=".ctor" signature="(PascalInterpreter.ASTNode,PascalInterpreter.Token,PascalInterpreter.ASTNode)" line-rate="1" branch-rate="1" complexity="1">
              <lines>
                <line number="28" hits="35" branch="False" />
                <line number="29" hits="35" branch="False" />
                <line number="30" hits="35" branch="False" />
                <line number="31" hits="35" branch="False" />
                <line number="32" hits="35" branch="False" />
                <line number="33" hits="35" branch="False" />
              </lines>
            </method>
          </methods>
          <lines>
            <line number="24" hits="34" branch="False" />
            <line number="25" hits="34" branch="False" />
            <line number="26" hits="33" branch="False" />
            <line number="28" hits="35" branch="False" />
            <line number="29" hits="35" branch="False" />
            <line number="30" hits="35" branch="False" />
            <line number="31" hits="35" branch="False" />
            <line number="32" hits="35" branch="False" />
            <line number="33" hits="35" branch="False" />
          </lines>
        </class>
        <class name="PascalInterpreter.UnaryOp" filename="AST.cs" line-rate="1" branch-rate="1" complexity="3">
          <methods>
            <method name="get_Op" signature="()" line-rate="1" branch-rate="1" complexity="1">
              <lines>
                <line number="39" hits="16" branch="False" />
              </lines>
            </method>
            <method name="get_Expr" signature="()" line-rate="1" branch-rate="1" complexity="1">
              <lines>
                <line number="40" hits="16" branch="False" />
              </lines>
            </method>
            <method name=".ctor" signature="(PascalInterpreter.Token,PascalInterpreter.ASTNode)" line-rate="1" branch-rate="1" complexity="1">
              <lines>
                <line number="42" hits="16" branch="False" />
                <line number="43" hits="16" branch="False" />
                <line number="44" hits="16" branch="False" />
                <line number="45" hits="16" branch="False" />
                <line number="46" hits="16" branch="False" />
              </lines>
            </method>
          </methods>
          <lines>
            <line number="39" hits="16" branch="False" />
            <line number="40" hits="16" branch="False" />
            <line number="42" hits="16" branch="False" />
            <line number="43" hits="16" branch="False" />
            <line number="44" hits="16" branch="False" />
            <line number="45" hits="16" branch="False" />
            <line number="46" hits="16" branch="False" />
          </lines>
        </class>
        <class name="PascalInterpreter.Compound" filename="AST.cs" line-rate="1" branch-rate="1" complexity="2">
          <methods>
            <method name="get_Children" signature="()" line-rate="1" branch-rate="1" complexity="1">
              <lines>
                <line number="52" hits="76" branch="False" />
              </lines>
            </method>
            <method name=".ctor" signature="()" line-rate="1" branch-rate="1" complexity="1">
              <lines>
                <line number="54" hits="25" branch="False" />
                <line number="55" hits="25" branch="False" />
                <line number="56" hits="25" branch="False" />
                <line number="57" hits="25" branch="False" />
              </lines>
            </method>
          </methods>
          <lines>
            <line number="52" hits="76" branch="False" />
            <line number="54" hits="25" branch="False" />
            <line number="55" hits="25" branch="False" />
            <line number="56" hits="25" branch="False" />
            <line number="57" hits="25" branch="False" />
          </lines>
        </class>
        <class name="PascalInterpreter.Assign" filename="AST.cs" line-rate="1" branch-rate="1" complexity="4">
          <methods>
            <method name="get_Left" signature="()" line-rate="1" branch-rate="1" complexity="1">
              <lines>
                <line number="63" hits="43" branch="False" />
              </lines>
            </method>
            <method name="get_Op" signature="()" line-rate="1" branch-rate="1" complexity="1">
              <lines>
                <line number="64" hits="1" branch="False" />
              </lines>
            </method>
            <method name="get_Right" signature="()" line-rate="1" branch-rate="1" complexity="1">
              <lines>
                <line number="65" hits="43" branch="False" />
              </lines>
            </method>
            <method name=".ctor" signature="(PascalInterpreter.Var,PascalInterpreter.Token,PascalInterpreter.ASTNode)" line-rate="1" branch-rate="1" complexity="1">
              <lines>
                <line number="67" hits="46" branch="False" />
                <line number="68" hits="46" branch="False" />
                <line number="69" hits="46" branch="False" />
                <line number="70" hits="46" branch="False" />
                <line number="71" hits="46" branch="False" />
                <line number="72" hits="46" branch="False" />
              </lines>
            </method>
          </methods>
          <lines>
            <line number="63" hits="43" branch="False" />
            <line number="64" hits="1" branch="False" />
            <line number="65" hits="43" branch="False" />
            <line number="67" hits="46" branch="False" />
            <line number="68" hits="46" branch="False" />
            <line number="69" hits="46" branch="False" />
            <line number="70" hits="46" branch="False" />
            <line number="71" hits="46" branch="False" />
            <line number="72" hits="46" branch="False" />
          </lines>
        </class>
        <class name="PascalInterpreter.Var" filename="AST.cs" line-rate="1" branch-rate="1" complexity="3">
          <methods>
            <method name="get_Token" signature="()" line-rate="1" branch-rate="1" complexity="1">
              <lines>
                <line number="78" hits="1" branch="False" />
              </lines>
            </method>
            <method name="get_Value" signature="()" line-rate="1" branch-rate="1" complexity="1">
              <lines>
                <line number="79" hits="54" branch="False" />
              </lines>
            </method>
            <method name=".ctor" signature="(PascalInterpreter.Token)" line-rate="1" branch-rate="1" complexity="1">
              <lines>
                <line number="81" hits="61" branch="False" />
                <line number="82" hits="61" branch="False" />
                <line number="83" hits="61" branch="False" />
                <line number="84" hits="61" branch="False" />
                <line number="85" hits="61" branch="False" />
              </lines>
            </method>
          </methods>
          <lines>
            <line number="78" hits="1" branch="False" />
            <line number="79" hits="54" branch="False" />
            <line number="81" hits="61" branch="False" />
            <line number="82" hits="61" branch="False" />
            <line number="83" hits="61" branch="False" />
            <line number="84" hits="61" branch="False" />
            <line number="85" hits="61" branch="False" />
          </lines>
        </class>
        <class name="PascalInterpreter.Interpreter" filename="Interpreter.cs" line-rate="0.9558" branch-rate="0.8887999999999999" complexity="33">
          <methods>
            <method name="GetVariables" signature="()" line-rate="1" branch-rate="1" complexity="1">
              <lines>
                <line number="15" hits="20" branch="False" />
                <line number="16" hits="20" branch="False" />
                <line number="17" hits="20" branch="False" />
              </lines>
            </method>
            <method name="Visit" signature="(PascalInterpreter.ASTNode)" line-rate="0.9229999999999999" branch-rate="0.9285" complexity="14">
              <lines>
                <line number="20" hits="192" branch="False" />
                <line number="21" hits="192" branch="True" condition-coverage="92.85% (13/14)">
                  <conditions>
                    <condition number="13" type="jump" coverage="100%" />
                    <condition number="23" type="jump" coverage="100%" />
                    <condition number="33" type="jump" coverage="100%" />
                    <condition number="43" type="jump" coverage="100%" />
                    <condition number="55" type="jump" coverage="100%" />
                    <condition number="67" type="jump" coverage="100%" />
                    <condition number="75" type="jump" coverage="50%" />
                  </conditions>
                </line>
                <line number="22" hits="192" branch="False" />
                <line number="23" hits="33" branch="False" />
                <line number="24" hits="63" branch="False" />
                <line number="25" hits="15" branch="False" />
                <line number="26" hits="22" branch="False" />
                <line number="27" hits="42" branch="False" />
                <line number="28" hits="11" branch="False" />
                <line number="29" hits="6" branch="False" />
                <line number="30" hits="0" branch="False" />
                <line number="31" hits="192" branch="False" />
                <line number="32" hits="188" branch="False" />
              </lines>
            </method>
            <method name="VisitBinOp" signature="(PascalInterpreter.BinOp)" line-rate="0.9" branch-rate="0.8" complexity="5">
              <lines>
                <line number="35" hits="33" branch="False" />
                <line number="36" hits="33" branch="True" condition-coverage="80% (4/5)">
                  <conditions>
                    <condition number="20" type="switch" coverage="80%" />
                  </conditions>
                </line>
                <line number="37" hits="33" branch="False" />
                <line number="38" hits="14" branch="False" />
                <line number="39" hits="5" branch="False" />
                <line number="40" hits="7" branch="False" />
                <line number="41" hits="7" branch="False" />
                <line number="42" hits="0" branch="False" />
                <line number="43" hits="33" branch="False" />
                <line number="44" hits="32" branch="False" />
              </lines>
            </method>
            <method name="VisitNum" signature="(PascalInterpreter.Num)" line-rate="1" branch-rate="1" complexity="1">
              <lines>
                <line number="47" hits="63" branch="False" />
                <line number="48" hits="63" branch="False" />
                <line number="49" hits="63" branch="False" />
              </lines>
            </method>
            <method name="VisitUnaryOp" signature="(PascalInterpreter.UnaryOp)" line-rate="0.875" branch-rate="0.75" complexity="4">
              <lines>
                <line number="52" hits="15" branch="False" />
                <line number="53" hits="15" branch="True" condition-coverage="75% (3/4)">
                  <conditions>
                    <condition number="19" type="jump" coverage="100%" />
                    <condition number="25" type="jump" coverage="50%" />
                  </conditions>
                </line>
                <line number="54" hits="15" branch="False" />
                <line number="55" hits="6" branch="False" />
                <line number="56" hits="9" branch="False" />
                <line number="57" hits="0" branch="False" />
                <line number="58" hits="15" branch="False" />
                <line number="59" hits="15" branch="False" />
              </lines>
            </method>
            <method name="VisitCompound" signature="(PascalInterpreter.Compound)" line-rate="1" branch-rate="1" complexity="2">
              <lines>
                <line number="62" hits="22" branch="False" />
                <line number="63" hits="163" branch="True" condition-coverage="100% (2/2)">
                  <conditions>
                    <condition number="41" type="jump" coverage="100%" />
                  </conditions>
                </line>
                <line number="64" hits="49" branch="False" />
                <line number="65" hits="49" branch="False" />
                <line number="66" hits="48" branch="False" />
                <line number="67" hits="21" branch="False" />
                <line number="68" hits="21" branch="False" />
              </lines>
            </method>
            <method name="VisitAssign" signature="(PascalInterpreter.Assign)" line-rate="1" branch-rate="1" complexity="1">
              <lines>
                <line number="71" hits="42" branch="False" />
                <line number="72" hits="42" branch="False" />
                <line number="73" hits="42" branch="False" />
                <line number="74" hits="41" branch="False" />
                <line number="75" hits="41" branch="False" />
                <line number="76" hits="41" branch="False" />
              </lines>
            </method>
            <method name="VisitVar" signature="(PascalInterpreter.Var)" line-rate="1" branch-rate="1" complexity="2">
              <lines>
                <line number="79" hits="11" branch="False" />
                <line number="80" hits="11" branch="False" />
                <line number="81" hits="11" branch="True" condition-coverage="100% (2/2)">
                  <conditions>
                    <condition number="24" type="jump" coverage="100%" />
                  </conditions>
                </line>
                <line number="82" hits="10" branch="False" />
                <line number="83" hits="10" branch="False" />
                <line number="85" hits="1" branch="False" />
                <line number="86" hits="10" branch="False" />
              </lines>
            </method>
            <method name="VisitNoOp" signature="()" line-rate="1" branch-rate="1" complexity="1">
              <lines>
                <line number="89" hits="6" branch="False" />
                <line number="90" hits="6" branch="False" />
                <line number="91" hits="6" branch="False" />
              </lines>
            </method>
            <method name="Interpret" signature="()" line-rate="1" branch-rate="1" complexity="1">
              <lines>
                <line number="94" hits="21" branch="False" />
                <line number="95" hits="21" branch="False" />
                <line number="96" hits="20" branch="False" />
              </lines>
            </method>
            <method name=".ctor" signature="(PascalInterpreter.ASTNode)" line-rate="1" branch-rate="1" complexity="1">
              <lines>
                <line number="8" hits="21" branch="False" />
                <line number="9" hits="21" branch="False" />
                <line number="10" hits="21" branch="False" />
                <line number="11" hits="21" branch="False" />
                <line number="12" hits="21" branch="False" />
              </lines>
            </method>
          </methods>
          <lines>
            <line number="15" hits="20" branch="False" />
            <line number="16" hits="20" branch="False" />
            <line number="17" hits="20" branch="False" />
            <line number="20" hits="192" branch="False" />
            <line number="21" hits="192" branch="True" condition-coverage="92.85% (13/14)">
              <conditions>
                <condition number="13" type="jump" coverage="100%" />
                <condition number="23" type="jump" coverage="100%" />
                <condition number="33" type="jump" coverage="100%" />
                <condition number="43" type="jump" coverage="100%" />
                <condition number="55" type="jump" coverage="100%" />
                <condition number="67" type="jump" coverage="100%" />
                <condition number="75" type="jump" coverage="50%" />
              </conditions>
            </line>
            <line number="22" hits="192" branch="False" />
            <line number="23" hits="33" branch="False" />
            <line number="24" hits="63" branch="False" />
            <line number="25" hits="15" branch="False" />
            <line number="26" hits="22" branch="False" />
            <line number="27" hits="42" branch="False" />
            <line number="28" hits="11" branch="False" />
            <line number="29" hits="6" branch="False" />
            <line number="30" hits="0" branch="False" />
            <line number="31" hits="192" branch="False" />
            <line number="32" hits="188" branch="False" />
            <line number="35" hits="33" branch="False" />
            <line number="36" hits="33" branch="True" condition-coverage="80% (4/5)">
              <conditions>
                <condition number="20" type="switch" coverage="80%" />
              </conditions>
            </line>
            <line number="37" hits="33" branch="False" />
            <line number="38" hits="14" branch="False" />
            <line number="39" hits="5" branch="False" />
            <line number="40" hits="7" branch="False" />
            <line number="41" hits="7" branch="False" />
            <line number="42" hits="0" branch="False" />
            <line number="43" hits="33" branch="False" />
            <line number="44" hits="32" branch="False" />
            <line number="47" hits="63" branch="False" />
            <line number="48" hits="63" branch="False" />
            <line number="49" hits="63" branch="False" />
            <line number="52" hits="15" branch="False" />
            <line number="53" hits="15" branch="True" condition-coverage="75% (3/4)">
              <conditions>
                <condition number="19" type="jump" coverage="100%" />
                <condition number="25" type="jump" coverage="50%" />
              </conditions>
            </line>
            <line number="54" hits="15" branch="False" />
            <line number="55" hits="6" branch="False" />
            <line number="56" hits="9" branch="False" />
            <line number="57" hits="0" branch="False" />
            <line number="58" hits="15" branch="False" />
            <line number="59" hits="15" branch="False" />
            <line number="62" hits="22" branch="False" />
            <line number="63" hits="163" branch="True" condition-coverage="100% (2/2)">
              <conditions>
                <condition number="41" type="jump" coverage="100%" />
              </conditions>
            </line>
            <line number="64" hits="49" branch="False" />
            <line number="65" hits="49" branch="False" />
            <line number="66" hits="48" branch="False" />
            <line number="67" hits="21" branch="False" />
            <line number="68" hits="21" branch="False" />
            <line number="71" hits="42" branch="False" />
            <line number="72" hits="42" branch="False" />
            <line number="73" hits="42" branch="False" />
            <line number="74" hits="41" branch="False" />
            <line number="75" hits="41" branch="False" />
            <line number="76" hits="41" branch="False" />
            <line number="79" hits="11" branch="False" />
            <line number="80" hits="11" branch="False" />
            <line number="81" hits="11" branch="True" condition-coverage="100% (2/2)">
              <conditions>
                <condition number="24" type="jump" coverage="100%" />
              </conditions>
            </line>
            <line number="82" hits="10" branch="False" />
            <line number="83" hits="10" branch="False" />
            <line number="85" hits="1" branch="False" />
            <line number="86" hits="10" branch="False" />
            <line number="89" hits="6" branch="False" />
            <line number="90" hits="6" branch="False" />
            <line number="91" hits="6" branch="False" />
            <line number="94" hits="21" branch="False" />
            <line number="95" hits="21" branch="False" />
            <line number="96" hits="20" branch="False" />
            <line number="8" hits="21" branch="False" />
            <line number="9" hits="21" branch="False" />
            <line number="10" hits="21" branch="False" />
            <line number="11" hits="21" branch="False" />
            <line number="12" hits="21" branch="False" />
          </lines>
        </class>
        <class name="PascalInterpreter.Lexer" filename="Lexer.cs" line-rate="1" branch-rate="0.8108" complexity="75">
          <methods>
            <method name="Advance" signature="()" line-rate="1" branch-rate="1" complexity="2">
              <lines>
                <line number="23" hits="1140" branch="False" />
                <line number="24" hits="1140" branch="False" />
                <line number="25" hits="1140" branch="True" condition-coverage="100% (2/2)">
                  <conditions>
                    <condition number="33" type="jump" coverage="100%" />
                  </conditions>
                </line>
                <line number="26" hits="1140" branch="False" />
              </lines>
            </method>
            <method name="SkipWhitespace" signature="()" line-rate="1" branch-rate="1" complexity="4">
              <lines>
                <line number="29" hits="294" branch="False" />
                <line number="30" hits="830" branch="True" condition-coverage="100% (4/4)">
                  <conditions>
                    <condition number="46" type="jump" coverage="100%" />
                    <condition number="23" type="jump" coverage="100%" />
                  </conditions>
                </line>
                <line number="31" hits="536" branch="False" />
                <line number="32" hits="536" branch="False" />
                <line number="33" hits="536" branch="False" />
                <line number="34" hits="294" branch="False" />
              </lines>
            </method>
            <method name="Integer" signature="()" line-rate="1" branch-rate="0.75" complexity="4">
              <lines>
                <line number="37" hits="70" branch="False" />
                <line number="38" hits="70" branch="False" />
                <line number="39" hits="162" branch="True" condition-coverage="75% (3/4)">
                  <conditions>
                    <condition number="79" type="jump" coverage="100%" />
                    <condition number="56" type="jump" coverage="50%" />
                  </conditions>
                </line>
                <line number="40" hits="92" branch="False" />
                <line number="41" hits="92" branch="False" />
                <line number="42" hits="92" branch="False" />
                <line number="43" hits="92" branch="False" />
                <line number="44" hits="70" branch="False" />
                <line number="45" hits="70" branch="False" />
              </lines>
            </method>
            <method name="Id" signature="()" line-rate="1" branch-rate="0.8" complexity="10">
              <lines>
                <line number="48" hits="114" branch="False" />
                <line number="49" hits="114" branch="False" />
                <line number="50" hits="410" branch="True" condition-coverage="75% (6/8)">
                  <conditions>
                    <condition number="151" type="jump" coverage="100%" />
                    <condition number="56" type="jump" coverage="50%" />
                    <condition number="74" type="jump" coverage="100%" />
                    <condition number="90" type="jump" coverage="50%" />
                  </conditions>
                </line>
                <line number="51" hits="296" branch="False" />
                <line number="52" hits="296" branch="False" />
                <line number="53" hits="296" branch="False" />
                <line number="54" hits="296" branch="False" />
                <line number="56" hits="114" branch="False" />
                <line number="57" hits="114" branch="True" condition-coverage="100% (2/2)">
                  <conditions>
                    <condition number="176" type="jump" coverage="100%" />
                  </conditions>
                </line>
                <line number="58" hits="114" branch="False" />
                <line number="59" hits="114" branch="False" />
                <line number="60" hits="114" branch="False" />
              </lines>
            </method>
            <method name="Peek" signature="()" line-rate="1" branch-rate="0.5" complexity="2">
              <lines>
                <line number="63" hits="47" branch="False" />
                <line number="64" hits="47" branch="False" />
                <line number="65" hits="47" branch="True" condition-coverage="50% (1/2)">
                  <conditions>
                    <condition number="22" type="jump" coverage="50%" />
                  </conditions>
                </line>
                <line number="66" hits="47" branch="False" />
              </lines>
            </method>
            <method name="GetNextToken" signature="()" line-rate="1" branch-rate="0.8" complexity="50">
              <lines>
                <line number="69" hits="379" branch="False" />
                <line number="70" hits="673" branch="True" condition-coverage="100% (2/2)">
                  <conditions>
                    <condition number="1148" type="jump" coverage="100%" />
                  </conditions>
                </line>
                <line number="71" hits="649" branch="False" />
                <line number="72" hits="649" branch="True" condition-coverage="100% (2/2)">
                  <conditions>
                    <condition number="25" type="jump" coverage="100%" />
                  </conditions>
                </line>
                <line number="73" hits="294" branch="False" />
                <line number="74" hits="294" branch="False" />
                <line number="75" hits="294" branch="False" />
                <line number="78" hits="355" branch="True" condition-coverage="100% (2/2)">
                  <conditions>
                    <condition number="58" type="jump" coverage="100%" />
                  </conditions>
                </line>
                <line number="79" hits="70" branch="False" />
                <line number="80" hits="70" branch="False" />
                <line number="83" hits="285" branch="True" condition-coverage="83.33% (5/6)">
                  <conditions>
                    <condition number="100" type="jump" coverage="100%" />
                    <condition number="117" type="jump" coverage="50%" />
                    <condition number="173" type="jump" coverage="100%" />
                  </conditions>
                </line>
                <line number="84" hits="114" branch="False" />
                <line number="85" hits="114" branch="False" />
                <line number="88" hits="171" branch="True" condition-coverage="83.33% (5/6)">
                  <conditions>
                    <condition number="203" type="jump" coverage="50%" />
                    <condition number="254" type="jump" coverage="100%" />
                    <condition number="273" type="jump" coverage="100%" />
                  </conditions>
                </line>
                <line number="89" hits="47" branch="False" />
                <line number="90" hits="47" branch="False" />
                <line number="91" hits="47" branch="False" />
                <line number="92" hits="47" branch="False" />
                <line number="95" hits="124" branch="True" condition-coverage="75% (3/4)">
                  <conditions>
                    <condition number="323" type="jump" coverage="50%" />
                    <condition number="378" type="jump" coverage="100%" />
                  </conditions>
                </line>
                <line number="96" hits="27" branch="False" />
                <line number="97" hits="27" branch="False" />
                <line number="98" hits="27" branch="False" />
                <line number="101" hits="97" branch="True" condition-coverage="75% (3/4)">
                  <conditions>
                    <condition number="421" type="jump" coverage="50%" />
                    <condition number="476" type="jump" coverage="100%" />
                  </conditions>
                </line>
                <line number="102" hits="21" branch="False" />
                <line number="103" hits="21" branch="False" />
                <line number="104" hits="21" branch="False" />
                <line number="107" hits="76" branch="True" condition-coverage="75% (3/4)">
                  <conditions>
                    <condition number="518" type="jump" coverage="50%" />
                    <condition number="573" type="jump" coverage="100%" />
                  </conditions>
                </line>
                <line number="108" hits="14" branch="False" />
                <line number="109" hits="14" branch="False" />
                <line number="110" hits="14" branch="False" />
                <line number="113" hits="62" branch="True" condition-coverage="75% (3/4)">
                  <conditions>
                    <condition number="615" type="jump" coverage="50%" />
                    <condition number="670" type="jump" coverage="100%" />
                  </conditions>
                </line>
                <line number="114" hits="7" branch="False" />
                <line number="115" hits="7" branch="False" />
                <line number="116" hits="7" branch="False" />
                <line number="119" hits="55" branch="True" condition-coverage="75% (3/4)">
                  <conditions>
                    <condition number="712" type="jump" coverage="50%" />
                    <condition number="767" type="jump" coverage="100%" />
                  </conditions>
                </line>
                <line number="120" hits="7" branch="False" />
                <line number="121" hits="7" branch="False" />
                <line number="122" hits="7" branch="False" />
                <line number="125" hits="48" branch="True" condition-coverage="75% (3/4)">
                  <conditions>
                    <condition number="809" type="jump" coverage="50%" />
                    <condition number="864" type="jump" coverage="100%" />
                  </conditions>
                </line>
                <line number="126" hits="12" branch="False" />
                <line number="127" hits="12" branch="False" />
                <line number="128" hits="12" branch="False" />
                <line number="131" hits="36" branch="True" condition-coverage="75% (3/4)">
                  <conditions>
                    <condition number="906" type="jump" coverage="50%" />
                    <condition number="961" type="jump" coverage="100%" />
                  </conditions>
                </line>
                <line number="132" hits="11" branch="False" />
                <line number="133" hits="11" branch="False" />
                <line number="134" hits="11" branch="False" />
                <line number="137" hits="25" branch="True" condition-coverage="75% (3/4)">
                  <conditions>
                    <condition number="1003" type="jump" coverage="50%" />
                    <condition number="1058" type="jump" coverage="100%" />
                  </conditions>
                </line>
                <line number="138" hits="23" branch="False" />
                <line number="139" hits="23" branch="False" />
                <line number="140" hits="23" branch="False" />
                <line number="143" hits="2" branch="False" />
                <line number="146" hits="24" branch="False" />
                <line number="147" hits="377" branch="False" />
              </lines>
            </method>
            <method name=".ctor" signature="(System.String)" line-rate="1" branch-rate="1" complexity="2">
              <lines>
                <line number="15" hits="30" branch="False" />
                <line number="16" hits="30" branch="False" />
                <line number="17" hits="30" branch="False" />
                <line number="18" hits="30" branch="False" />
                <line number="19" hits="30" branch="True" condition-coverage="100% (2/2)">
                  <conditions>
                    <condition number="35" type="jump" coverage="100%" />
                  </conditions>
                </line>
                <line number="20" hits="30" branch="False" />
              </lines>
            </method>
            <method name=".cctor" signature="()" line-rate="1" branch-rate="1" complexity="1">
              <lines>
                <line number="9" hits="1" branch="False" />
                <line number="10" hits="1" branch="False" />
                <line number="11" hits="1" branch="False" />
                <line number="12" hits="1" branch="False" />
                <line number="13" hits="1" branch="False" />
              </lines>
            </method>
          </methods>
          <lines>
            <line number="23" hits="1140" branch="False" />
            <line number="24" hits="1140" branch="False" />
            <line number="25" hits="1140" branch="True" condition-coverage="100% (2/2)">
              <conditions>
                <condition number="33" type="jump" coverage="100%" />
              </conditions>
            </line>
            <line number="26" hits="1140" branch="False" />
            <line number="29" hits="294" branch="False" />
            <line number="30" hits="830" branch="True" condition-coverage="100% (4/4)">
              <conditions>
                <condition number="46" type="jump" coverage="100%" />
                <condition number="23" type="jump" coverage="100%" />
              </conditions>
            </line>
            <line number="31" hits="536" branch="False" />
            <line number="32" hits="536" branch="False" />
            <line number="33" hits="536" branch="False" />
            <line number="34" hits="294" branch="False" />
            <line number="37" hits="70" branch="False" />
            <line number="38" hits="70" branch="False" />
            <line number="39" hits="162" branch="True" condition-coverage="75% (3/4)">
              <conditions>
                <condition number="79" type="jump" coverage="100%" />
                <condition number="56" type="jump" coverage="50%" />
              </conditions>
            </line>
            <line number="40" hits="92" branch="False" />
            <line number="41" hits="92" branch="False" />
            <line number="42" hits="92" branch="False" />
            <line number="43" hits="92" branch="False" />
            <line number="44" hits="70" branch="False" />
            <line number="45" hits="70" branch="False" />
            <line number="48" hits="114" branch="False" />
            <line number="49" hits="114" branch="False" />
            <line number="50" hits="410" branch="True" condition-coverage="75% (6/8)">
              <conditions>
                <condition number="151" type="jump" coverage="100%" />
                <condition number="56" type="jump" coverage="50%" />
                <condition number="74" type="jump" coverage="100%" />
                <condition number="90" type="jump" coverage="50%" />
              </conditions>
            </line>
            <line number="51" hits="296" branch="False" />
            <line number="52" hits="296" branch="False" />
            <line number="53" hits="296" branch="False" />
            <line number="54" hits="296" branch="False" />
            <line number="56" hits="114" branch="False" />
            <line number="57" hits="114" branch="True" condition-coverage="100% (2/2)">
              <conditions>
                <condition number="176" type="jump" coverage="100%" />
              </conditions>
            </line>
            <line number="58" hits="114" branch="False" />
            <line number="59" hits="114" branch="False" />
            <line number="60" hits="114" branch="False" />
            <line number="63" hits="47" branch="False" />
            <line number="64" hits="47" branch="False" />
            <line number="65" hits="47" branch="True" condition-coverage="50% (1/2)">
              <conditions>
                <condition number="22" type="jump" coverage="50%" />
              </conditions>
            </line>
            <line number="66" hits="47" branch="False" />
            <line number="69" hits="379" branch="False" />
            <line number="70" hits="673" branch="True" condition-coverage="100% (2/2)">
              <conditions>
                <condition number="1148" type="jump" coverage="100%" />
              </conditions>
            </line>
            <line number="71" hits="649" branch="False" />
            <line number="72" hits="649" branch="True" condition-coverage="100% (2/2)">
              <conditions>
                <condition number="25" type="jump" coverage="100%" />
              </conditions>
            </line>
            <line number="73" hits="294" branch="False" />
            <line number="74" hits="294" branch="False" />
            <line number="75" hits="294" branch="False" />
            <line number="78" hits="355" branch="True" condition-coverage="100% (2/2)">
              <conditions>
                <condition number="58" type="jump" coverage="100%" />
              </conditions>
            </line>
            <line number="79" hits="70" branch="False" />
            <line number="80" hits="70" branch="False" />
            <line number="83" hits="285" branch="True" condition-coverage="83.33% (5/6)">
              <conditions>
                <condition number="100" type="jump" coverage="100%" />
                <condition number="117" type="jump" coverage="50%" />
                <condition number="173" type="jump" coverage="100%" />
              </conditions>
            </line>
            <line number="84" hits="114" branch="False" />
            <line number="85" hits="114" branch="False" />
            <line number="88" hits="171" branch="True" condition-coverage="83.33% (5/6)">
              <conditions>
                <condition number="203" type="jump" coverage="50%" />
                <condition number="254" type="jump" coverage="100%" />
                <condition number="273" type="jump" coverage="100%" />
              </conditions>
            </line>
            <line number="89" hits="47" branch="False" />
            <line number="90" hits="47" branch="False" />
            <line number="91" hits="47" branch="False" />
            <line number="92" hits="47" branch="False" />
            <line number="95" hits="124" branch="True" condition-coverage="75% (3/4)">
              <conditions>
                <condition number="323" type="jump" coverage="50%" />
                <condition number="378" type="jump" coverage="100%" />
              </conditions>
            </line>
            <line number="96" hits="27" branch="False" />
            <line number="97" hits="27" branch="False" />
            <line number="98" hits="27" branch="False" />
            <line number="101" hits="97" branch="True" condition-coverage="75% (3/4)">
              <conditions>
                <condition number="421" type="jump" coverage="50%" />
                <condition number="476" type="jump" coverage="100%" />
              </conditions>
            </line>
            <line number="102" hits="21" branch="False" />
            <line number="103" hits="21" branch="False" />
            <line number="104" hits="21" branch="False" />
            <line number="107" hits="76" branch="True" condition-coverage="75% (3/4)">
              <conditions>
                <condition number="518" type="jump" coverage="50%" />
                <condition number="573" type="jump" coverage="100%" />
              </conditions>
            </line>
            <line number="108" hits="14" branch="False" />
            <line number="109" hits="14" branch="False" />
            <line number="110" hits="14" branch="False" />
            <line number="113" hits="62" branch="True" condition-coverage="75% (3/4)">
              <conditions>
                <condition number="615" type="jump" coverage="50%" />
                <condition number="670" type="jump" coverage="100%" />
              </conditions>
            </line>
            <line number="114" hits="7" branch="False" />
            <line number="115" hits="7" branch="False" />
            <line number="116" hits="7" branch="False" />
            <line number="119" hits="55" branch="True" condition-coverage="75% (3/4)">
              <conditions>
                <condition number="712" type="jump" coverage="50%" />
                <condition number="767" type="jump" coverage="100%" />
              </conditions>
            </line>
            <line number="120" hits="7" branch="False" />
            <line number="121" hits="7" branch="False" />
            <line number="122" hits="7" branch="False" />
            <line number="125" hits="48" branch="True" condition-coverage="75% (3/4)">
              <conditions>
                <condition number="809" type="jump" coverage="50%" />
                <condition number="864" type="jump" coverage="100%" />
              </conditions>
            </line>
            <line number="126" hits="12" branch="False" />
            <line number="127" hits="12" branch="False" />
            <line number="128" hits="12" branch="False" />
            <line number="131" hits="36" branch="True" condition-coverage="75% (3/4)">
              <conditions>
                <condition number="906" type="jump" coverage="50%" />
                <condition number="961" type="jump" coverage="100%" />
              </conditions>
            </line>
            <line number="132" hits="11" branch="False" />
            <line number="133" hits="11" branch="False" />
            <line number="134" hits="11" branch="False" />
            <line number="137" hits="25" branch="True" condition-coverage="75% (3/4)">
              <conditions>
                <condition number="1003" type="jump" coverage="50%" />
                <condition number="1058" type="jump" coverage="100%" />
              </conditions>
            </line>
            <line number="138" hits="23" branch="False" />
            <line number="139" hits="23" branch="False" />
            <line number="140" hits="23" branch="False" />
            <line number="143" hits="2" branch="False" />
            <line number="146" hits="24" branch="False" />
            <line number="147" hits="377" branch="False" />
            <line number="15" hits="30" branch="False" />
            <line number="16" hits="30" branch="False" />
            <line number="17" hits="30" branch="False" />
            <line number="18" hits="30" branch="False" />
            <line number="19" hits="30" branch="True" condition-coverage="100% (2/2)">
              <conditions>
                <condition number="35" type="jump" coverage="100%" />
              </conditions>
            </line>
            <line number="20" hits="30" branch="False" />
            <line number="9" hits="1" branch="False" />
            <line number="10" hits="1" branch="False" />
            <line number="11" hits="1" branch="False" />
            <line number="12" hits="1" branch="False" />
            <line number="13" hits="1" branch="False" />
          </lines>
        </class>
        <class name="PascalInterpreter.Parser" filename="Parser.cs" line-rate="1" branch-rate="1" complexity="41">
          <methods>
            <method name="Eat" signature="(PascalInterpreter.TokenType)" line-rate="1" branch-rate="1" complexity="2">
              <lines>
                <line number="15" hits="353" branch="False" />
                <line number="16" hits="353" branch="True" condition-coverage="100% (2/2)">
                  <conditions>
                    <condition number="17" type="jump" coverage="100%" />
                  </conditions>
                </line>
                <line number="17" hits="349" branch="False" />
                <line number="18" hits="349" branch="False" />
                <line number="19" hits="347" branch="False" />
                <line number="21" hits="4" branch="False" />
                <line number="22" hits="4" branch="False" />
                <line number="24" hits="347" branch="False" />
              </lines>
            </method>
            <method name="Program" signature="()" line-rate="1" branch-rate="1" complexity="1">
              <lines>
                <line number="28" hits="28" branch="False" />
                <line number="29" hits="28" branch="False" />
                <line number="30" hits="23" branch="False" />
                <line number="31" hits="22" branch="False" />
                <line number="32" hits="22" branch="False" />
              </lines>
            </method>
            <method name="CompoundStatement" signature="()" line-rate="1" branch-rate="1" complexity="2">
              <lines>
                <line number="36" hits="29" branch="False" />
                <line number="37" hits="29" branch="False" />
                <line number="38" hits="28" branch="False" />
                <line number="39" hits="25" branch="False" />
                <line number="41" hits="24" branch="False" />
                <line number="42" hits="174" branch="True" condition-coverage="100% (2/2)">
                  <conditions>
                    <condition number="70" type="jump" coverage="100%" />
                  </conditions>
                </line>
                <line number="43" hits="51" branch="False" />
                <line number="44" hits="51" branch="False" />
                <line number="45" hits="51" branch="False" />
                <line number="47" hits="24" branch="False" />
                <line number="48" hits="24" branch="False" />
              </lines>
            </method>
            <method name="StatementList" signature="()" line-rate="1" branch-rate="1" complexity="2">
              <lines>
                <line number="52" hits="28" branch="False" />
                <line number="53" hits="28" branch="False" />
                <line number="54" hits="25" branch="False" />
                <line number="56" hits="52" branch="True" condition-coverage="100% (2/2)">
                  <conditions>
                    <condition number="65" type="jump" coverage="100%" />
                  </conditions>
                </line>
                <line number="57" hits="27" branch="False" />
                <line number="58" hits="27" branch="False" />
                <line number="59" hits="27" branch="False" />
                <line number="60" hits="27" branch="False" />
                <line number="62" hits="25" branch="False" />
                <line number="63" hits="25" branch="False" />
              </lines>
            </method>
            <method name="Statement" signature="()" line-rate="1" branch-rate="1" complexity="4">
              <lines>
                <line number="67" hits="55" branch="False" />
                <line number="68" hits="55" branch="True" condition-coverage="100% (2/2)">
                  <conditions>
                    <condition number="17" type="jump" coverage="100%" />
                  </conditions>
                </line>
                <line number="69" hits="1" branch="False" />
                <line number="70" hits="1" branch="False" />
                <line number="72" hits="54" branch="True" condition-coverage="100% (2/2)">
                  <conditions>
                    <condition number="46" type="jump" coverage="100%" />
                  </conditions>
                </line>
                <line number="73" hits="48" branch="False" />
                <line number="74" hits="48" branch="False" />
                <line number="77" hits="6" branch="False" />
                <line number="78" hits="6" branch="False" />
                <line number="80" hits="52" branch="False" />
              </lines>
            </method>
            <method name="AssignmentStatement" signature="()" line-rate="1" branch-rate="1" complexity="1">
              <lines>
                <line number="84" hits="48" branch="False" />
                <line number="85" hits="48" branch="False" />
                <line number="86" hits="47" branch="False" />
                <line number="87" hits="47" branch="False" />
                <line number="88" hits="47" branch="False" />
                <line number="89" hits="45" branch="False" />
                <line number="90" hits="45" branch="False" />
              </lines>
            </method>
            <method name="Variable" signature="()" line-rate="1" branch-rate="1" complexity="1">
              <lines>
                <line number="94" hits="59" branch="False" />
                <line number="95" hits="59" branch="False" />
                <line number="96" hits="59" branch="False" />
                <line number="97" hits="58" branch="False" />
                <line number="98" hits="58" branch="False" />
              </lines>
            </method>
            <method name="Empty" signature="()" line-rate="1" branch-rate="1" complexity="1">
              <lines>
                <line number="102" hits="6" branch="False" />
                <line number="103" hits="6" branch="False" />
                <line number="104" hits="6" branch="False" />
              </lines>
            </method>
            <method name="Expr" signature="()" line-rate="1" branch-rate="1" complexity="8">
              <lines>
                <line number="108" hits="59" branch="False" />
                <line number="109" hits="59" branch="False" />
                <line number="111" hits="77" branch="True" condition-coverage="100% (4/4)">
                  <conditions>
                    <condition number="116" type="jump" coverage="100%" />
                    <condition number="93" type="jump" coverage="100%" />
                  </conditions>
                </line>
                <line number="112" hits="20" branch="False" />
                <line number="113" hits="20" branch="False" />
                <line number="114" hits="20" branch="True" condition-coverage="100% (2/2)">
                  <conditions>
                    <condition number="29" type="jump" coverage="100%" />
                  </conditions>
                </line>
                <line number="115" hits="15" branch="False" />
                <line number="116" hits="15" branch="False" />
                <line number="117" hits="15" branch="False" />
                <line number="118" hits="5" branch="True" condition-coverage="100% (2/2)">
                  <conditions>
                    <condition number="54" type="jump" coverage="100%" />
                  </conditions>
                </line>
                <line number="119" hits="5" branch="False" />
                <line number="120" hits="5" branch="False" />
                <line number="121" hits="5" branch="False" />
                <line number="123" hits="20" branch="False" />
                <line number="124" hits="20" branch="False" />
                <line number="126" hits="57" branch="False" />
                <line number="127" hits="57" branch="False" />
              </lines>
            </method>
            <method name="Term" signature="()" line-rate="1" branch-rate="1" complexity="8">
              <lines>
                <line number="131" hits="79" branch="False" />
                <line number="132" hits="79" branch="False" />
                <line number="134" hits="91" branch="True" condition-coverage="100% (4/4)">
                  <conditions>
                    <condition number="116" type="jump" coverage="100%" />
                    <condition number="93" type="jump" coverage="100%" />
                  </conditions>
                </line>
                <line number="135" hits="14" branch="False" />
                <line number="136" hits="14" branch="False" />
                <line number="137" hits="14" branch="True" condition-coverage="100% (2/2)">
                  <conditions>
                    <condition number="29" type="jump" coverage="100%" />
                  </conditions>
                </line>
                <line number="138" hits="7" branch="False" />
                <line number="139" hits="7" branch="False" />
                <line number="140" hits="7" branch="False" />
                <line number="141" hits="7" branch="True" condition-coverage="100% (2/2)">
                  <conditions>
                    <condition number="54" type="jump" coverage="100%" />
                  </conditions>
                </line>
                <line number="142" hits="7" branch="False" />
                <line number="143" hits="7" branch="False" />
                <line number="144" hits="7" branch="False" />
                <line number="146" hits="14" branch="False" />
                <line number="147" hits="14" branch="False" />
                <line number="149" hits="77" branch="False" />
                <line number="150" hits="77" branch="False" />
              </lines>
            </method>
            <method name="Factor" signature="()" line-rate="1" branch-rate="1" complexity="8">
              <lines>
                <line number="154" hits="108" branch="False" />
                <line number="155" hits="108" branch="False" />
                <line number="157" hits="108" branch="True" condition-coverage="100% (2/2)">
                  <conditions>
                    <condition number="19" type="jump" coverage="100%" />
                  </conditions>
                </line>
                <line number="158" hits="6" branch="False" />
                <line number="159" hits="6" branch="False" />
                <line number="160" hits="6" branch="False" />
                <line number="162" hits="102" branch="True" condition-coverage="100% (2/2)">
                  <conditions>
                    <condition number="56" type="jump" coverage="100%" />
                  </conditions>
                </line>
                <line number="163" hits="9" branch="False" />
                <line number="164" hits="9" branch="False" />
                <line number="165" hits="9" branch="False" />
                <line number="167" hits="93" branch="True" condition-coverage="100% (2/2)">
                  <conditions>
                    <condition number="95" type="jump" coverage="100%" />
                  </conditions>
                </line>
                <line number="168" hits="70" branch="False" />
                <line number="169" hits="70" branch="False" />
                <line number="170" hits="69" branch="False" />
                <line number="172" hits="23" branch="True" condition-coverage="100% (2/2)">
                  <conditions>
                    <condition number="128" type="jump" coverage="100%" />
                  </conditions>
                </line>
                <line number="173" hits="12" branch="False" />
                <line number="174" hits="12" branch="False" />
                <line number="175" hits="12" branch="False" />
                <line number="176" hits="12" branch="False" />
                <line number="177" hits="11" branch="False" />
                <line number="180" hits="11" branch="False" />
                <line number="181" hits="11" branch="False" />
                <line number="183" hits="106" branch="False" />
              </lines>
            </method>
            <method name="Parse" signature="()" line-rate="1" branch-rate="1" complexity="2">
              <lines>
                <line number="186" hits="28" branch="False" />
                <line number="187" hits="28" branch="False" />
                <line number="188" hits="22" branch="True" condition-coverage="100% (2/2)">
                  <conditions>
                    <condition number="28" type="jump" coverage="100%" />
                  </conditions>
                </line>
                <line number="189" hits="1" branch="False" />
                <line number="190" hits="1" branch="False" />
                <line number="192" hits="21" branch="False" />
                <line number="193" hits="21" branch="False" />
              </lines>
            </method>
            <method name=".ctor" signature="(PascalInterpreter.Lexer)" line-rate="1" branch-rate="1" complexity="1">
              <lines>
                <line number="8" hits="28" branch="False" />
                <line number="9" hits="28" branch="False" />
                <line number="10" hits="28" branch="False" />
                <line number="11" hits="28" branch="False" />
                <line number="12" hits="28" branch="False" />
              </lines>
            </method>
          </methods>
          <lines>
            <line number="15" hits="353" branch="False" />
            <line number="16" hits="353" branch="True" condition-coverage="100% (2/2)">
              <conditions>
                <condition number="17" type="jump" coverage="100%" />
              </conditions>
            </line>
            <line number="17" hits="349" branch="False" />
            <line number="18" hits="349" branch="False" />
            <line number="19" hits="347" branch="False" />
            <line number="21" hits="4" branch="False" />
            <line number="22" hits="4" branch="False" />
            <line number="24" hits="347" branch="False" />
            <line number="28" hits="28" branch="False" />
            <line number="29" hits="28" branch="False" />
            <line number="30" hits="23" branch="False" />
            <line number="31" hits="22" branch="False" />
            <line number="32" hits="22" branch="False" />
            <line number="36" hits="29" branch="False" />
            <line number="37" hits="29" branch="False" />
            <line number="38" hits="28" branch="False" />
            <line number="39" hits="25" branch="False" />
            <line number="41" hits="24" branch="False" />
            <line number="42" hits="174" branch="True" condition-coverage="100% (2/2)">
              <conditions>
                <condition number="70" type="jump" coverage="100%" />
              </conditions>
            </line>
            <line number="43" hits="51" branch="False" />
            <line number="44" hits="51" branch="False" />
            <line number="45" hits="51" branch="False" />
            <line number="47" hits="24" branch="False" />
            <line number="48" hits="24" branch="False" />
            <line number="52" hits="28" branch="False" />
            <line number="53" hits="28" branch="False" />
            <line number="54" hits="25" branch="False" />
            <line number="56" hits="52" branch="True" condition-coverage="100% (2/2)">
              <conditions>
                <condition number="65" type="jump" coverage="100%" />
              </conditions>
            </line>
            <line number="57" hits="27" branch="False" />
            <line number="58" hits="27" branch="False" />
            <line number="59" hits="27" branch="False" />
            <line number="60" hits="27" branch="False" />
            <line number="62" hits="25" branch="False" />
            <line number="63" hits="25" branch="False" />
            <line number="67" hits="55" branch="False" />
            <line number="68" hits="55" branch="True" condition-coverage="100% (2/2)">
              <conditions>
                <condition number="17" type="jump" coverage="100%" />
              </conditions>
            </line>
            <line number="69" hits="1" branch="False" />
            <line number="70" hits="1" branch="False" />
            <line number="72" hits="54" branch="True" condition-coverage="100% (2/2)">
              <conditions>
                <condition number="46" type="jump" coverage="100%" />
              </conditions>
            </line>
            <line number="73" hits="48" branch="False" />
            <line number="74" hits="48" branch="False" />
            <line number="77" hits="6" branch="False" />
            <line number="78" hits="6" branch="False" />
            <line number="80" hits="52" branch="False" />
            <line number="84" hits="48" branch="False" />
            <line number="85" hits="48" branch="False" />
            <line number="86" hits="47" branch="False" />
            <line number="87" hits="47" branch="False" />
            <line number="88" hits="47" branch="False" />
            <line number="89" hits="45" branch="False" />
            <line number="90" hits="45" branch="False" />
            <line number="94" hits="59" branch="False" />
            <line number="95" hits="59" branch="False" />
            <line number="96" hits="59" branch="False" />
            <line number="97" hits="58" branch="False" />
            <line number="98" hits="58" branch="False" />
            <line number="102" hits="6" branch="False" />
            <line number="103" hits="6" branch="False" />
            <line number="104" hits="6" branch="False" />
            <line number="108" hits="59" branch="False" />
            <line number="109" hits="59" branch="False" />
            <line number="111" hits="77" branch="True" condition-coverage="100% (4/4)">
              <conditions>
                <condition number="116" type="jump" coverage="100%" />
                <condition number="93" type="jump" coverage="100%" />
              </conditions>
            </line>
            <line number="112" hits="20" branch="False" />
            <line number="113" hits="20" branch="False" />
            <line number="114" hits="20" branch="True" condition-coverage="100% (2/2)">
              <conditions>
                <condition number="29" type="jump" coverage="100%" />
              </conditions>
            </line>
            <line number="115" hits="15" branch="False" />
            <line number="116" hits="15" branch="False" />
            <line number="117" hits="15" branch="False" />
            <line number="118" hits="5" branch="True" condition-coverage="100% (2/2)">
              <conditions>
                <condition number="54" type="jump" coverage="100%" />
              </conditions>
            </line>
            <line number="119" hits="5" branch="False" />
            <line number="120" hits="5" branch="False" />
            <line number="121" hits="5" branch="False" />
            <line number="123" hits="20" branch="False" />
            <line number="124" hits="20" branch="False" />
            <line number="126" hits="57" branch="False" />
            <line number="127" hits="57" branch="False" />
            <line number="131" hits="79" branch="False" />
            <line number="132" hits="79" branch="False" />
            <line number="134" hits="91" branch="True" condition-coverage="100% (4/4)">
              <conditions>
                <condition number="116" type="jump" coverage="100%" />
                <condition number="93" type="jump" coverage="100%" />
              </conditions>
            </line>
            <line number="135" hits="14" branch="False" />
            <line number="136" hits="14" branch="False" />
            <line number="137" hits="14" branch="True" condition-coverage="100% (2/2)">
              <conditions>
                <condition number="29" type="jump" coverage="100%" />
              </conditions>
            </line>
            <line number="138" hits="7" branch="False" />
            <line number="139" hits="7" branch="False" />
            <line number="140" hits="7" branch="False" />
            <line number="141" hits="7" branch="True" condition-coverage="100% (2/2)">
              <conditions>
                <condition number="54" type="jump" coverage="100%" />
              </conditions>
            </line>
            <line number="142" hits="7" branch="False" />
            <line number="143" hits="7" branch="False" />
            <line number="144" hits="7" branch="False" />
            <line number="146" hits="14" branch="False" />
            <line number="147" hits="14" branch="False" />
            <line number="149" hits="77" branch="False" />
            <line number="150" hits="77" branch="False" />
            <line number="154" hits="108" branch="False" />
            <line number="155" hits="108" branch="False" />
            <line number="157" hits="108" branch="True" condition-coverage="100% (2/2)">
              <conditions>
                <condition number="19" type="jump" coverage="100%" />
              </conditions>
            </line>
            <line number="158" hits="6" branch="False" />
            <line number="159" hits="6" branch="False" />
            <line number="160" hits="6" branch="False" />
            <line number="162" hits="102" branch="True" condition-coverage="100% (2/2)">
              <conditions>
                <condition number="56" type="jump" coverage="100%" />
              </conditions>
            </line>
            <line number="163" hits="9" branch="False" />
            <line number="164" hits="9" branch="False" />
            <line number="165" hits="9" branch="False" />
            <line number="167" hits="93" branch="True" condition-coverage="100% (2/2)">
              <conditions>
                <condition number="95" type="jump" coverage="100%" />
              </conditions>
            </line>
            <line number="168" hits="70" branch="False" />
            <line number="169" hits="70" branch="False" />
            <line number="170" hits="69" branch="False" />
            <line number="172" hits="23" branch="True" condition-coverage="100% (2/2)">
              <conditions>
                <condition number="128" type="jump" coverage="100%" />
              </conditions>
            </line>
            <line number="173" hits="12" branch="False" />
            <line number="174" hits="12" branch="False" />
            <line number="175" hits="12" branch="False" />
            <line number="176" hits="12" branch="False" />
            <line number="177" hits="11" branch="False" />
            <line number="180" hits="11" branch="False" />
            <line number="181" hits="11" branch="False" />
            <line number="183" hits="106" branch="False" />
            <line number="186" hits="28" branch="False" />
            <line number="187" hits="28" branch="False" />
            <line number="188" hits="22" branch="True" condition-coverage="100% (2/2)">
              <conditions>
                <condition number="28" type="jump" coverage="100%" />
              </conditions>
            </line>
            <line number="189" hits="1" branch="False" />
            <line number="190" hits="1" branch="False" />
            <line number="192" hits="21" branch="False" />
            <line number="193" hits="21" branch="False" />
            <line number="8" hits="28" branch="False" />
            <line number="9" hits="28" branch="False" />
            <line number="10" hits="28" branch="False" />
            <line number="11" hits="28" branch="False" />
            <line number="12" hits="28" branch="False" />
          </lines>
        </class>
        <class name="PascalInterpreter.Token" filename="Token.cs" line-rate="1" branch-rate="1" complexity="4">
          <methods>
            <method name="get_Type" signature="()" line-rate="1" branch-rate="1" complexity="1">
              <lines>
                <line number="23" hits="1278" branch="False" />
              </lines>
            </method>
            <method name="get_Value" signature="()" line-rate="1" branch-rate="1" complexity="1">
              <lines>
                <line number="24" hits="137" branch="False" />
              </lines>
            </method>
            <method name="ToString" signature="()" line-rate="1" branch-rate="1" complexity="1">
              <lines>
                <line number="33" hits="1" branch="False" />
                <line number="34" hits="1" branch="False" />
                <line number="35" hits="1" branch="False" />
              </lines>
            </method>
            <method name=".ctor" signature="(PascalInterpreter.TokenType,System.Object)" line-rate="1" branch-rate="1" complexity="1">
              <lines>
                <line number="26" hits="339" branch="False" />
                <line number="27" hits="339" branch="False" />
                <line number="28" hits="339" branch="False" />
                <line number="29" hits="339" branch="False" />
                <line number="30" hits="339" branch="False" />
              </lines>
            </method>
          </methods>
          <lines>
            <line number="23" hits="1278" branch="False" />
            <line number="24" hits="137" branch="False" />
            <line number="33" hits="1" branch="False" />
            <line number="34" hits="1" branch="False" />
            <line number="35" hits="1" branch="False" />
            <line number="26" hits="339" branch="False" />
            <line number="27" hits="339" branch="False" />
            <line number="28" hits="339" branch="False" />
            <line number="29" hits="339" branch="False" />
            <line number="30" hits="339" branch="False" />
          </lines>
        </class>
      </classes>
    </package>
  </packages>
</coverage>